2023-05-26 19:08:40,532 INFO    StreamThr :8780 [internal.py:wandb_internal():86] W&B internal server running at pid: 8780, started at: 2023-05-26 19:08:40.532174
2023-05-26 19:08:40,532 DEBUG   HandlerThread:8780 [handler.py:handle_request():144] handle_request: status
2023-05-26 19:08:40,532 INFO    WriterThread:8780 [datastore.py:open_for_write():85] open: D:\LessonProjects\Deep-Learning-Final\general\wandb\run-20230526_190840-w1aqmesx\run-w1aqmesx.wandb
2023-05-26 19:08:40,538 DEBUG   SenderThread:8780 [sender.py:send():375] send: header
2023-05-26 19:08:40,595 DEBUG   SenderThread:8780 [sender.py:send():375] send: run
2023-05-26 19:08:44,106 INFO    SenderThread:8780 [retry.py:__call__():172] Retry attempt failed:
Traceback (most recent call last):
  File "D:\Python39\lib\site-packages\urllib3\connectionpool.py", line 700, in urlopen
    self._prepare_proxy(conn)
  File "D:\Python39\lib\site-packages\urllib3\connectionpool.py", line 996, in _prepare_proxy
    conn.connect()
  File "D:\Python39\lib\site-packages\urllib3\connection.py", line 364, in connect
    self.sock = conn = self._connect_tls_proxy(hostname, conn)
  File "D:\Python39\lib\site-packages\urllib3\connection.py", line 499, in _connect_tls_proxy
    socket = ssl_wrap_socket(
  File "D:\Python39\lib\site-packages\urllib3\util\ssl_.py", line 453, in ssl_wrap_socket
    ssl_sock = _ssl_wrap_socket_impl(sock, context, tls_in_tls)
  File "D:\Python39\lib\site-packages\urllib3\util\ssl_.py", line 495, in _ssl_wrap_socket_impl
    return ssl_context.wrap_socket(sock)
  File "D:\Python39\lib\ssl.py", line 500, in wrap_socket
    return self.sslsocket_class._create(
  File "D:\Python39\lib\ssl.py", line 1040, in _create
    self.do_handshake()
  File "D:\Python39\lib\ssl.py", line 1309, in do_handshake
    self._sslobj.do_handshake()
ssl.SSLEOFError: EOF occurred in violation of protocol (_ssl.c:1129)

During handling of the above exception, another exception occurred:

Traceback (most recent call last):
  File "D:\Python39\lib\site-packages\requests\adapters.py", line 489, in send
    resp = conn.urlopen(
  File "D:\Python39\lib\site-packages\urllib3\connectionpool.py", line 787, in urlopen
    retries = retries.increment(
  File "D:\Python39\lib\site-packages\urllib3\util\retry.py", line 592, in increment
    raise MaxRetryError(_pool, url, error or ResponseError(cause))
urllib3.exceptions.MaxRetryError: HTTPSConnectionPool(host='api.wandb.ai', port=443): Max retries exceeded with url: /graphql (Caused by SSLError(SSLEOFError(8, 'EOF occurred in violation of protocol (_ssl.c:1129)')))

During handling of the above exception, another exception occurred:

Traceback (most recent call last):
  File "D:\Python39\lib\site-packages\wandb\sdk\lib\retry.py", line 131, in __call__
    result = self._call_fn(*args, **kwargs)
  File "D:\Python39\lib\site-packages\wandb\sdk\internal\internal_api.py", line 285, in execute
    return self.client.execute(*args, **kwargs)  # type: ignore
  File "D:\Python39\lib\site-packages\wandb\vendor\gql-0.2.0\wandb_gql\client.py", line 52, in execute
    result = self._get_result(document, *args, **kwargs)
  File "D:\Python39\lib\site-packages\wandb\vendor\gql-0.2.0\wandb_gql\client.py", line 60, in _get_result
    return self.transport.execute(document, *args, **kwargs)
  File "D:\Python39\lib\site-packages\wandb\sdk\lib\gql_request.py", line 55, in execute
    request = self.session.post(self.url, **post_args)
  File "D:\Python39\lib\site-packages\requests\sessions.py", line 635, in post
    return self.request("POST", url, data=data, json=json, **kwargs)
  File "D:\Python39\lib\site-packages\requests\sessions.py", line 587, in request
    resp = self.send(prep, **send_kwargs)
  File "D:\Python39\lib\site-packages\requests\sessions.py", line 701, in send
    r = adapter.send(request, **kwargs)
  File "D:\Python39\lib\site-packages\requests\adapters.py", line 563, in send
    raise SSLError(e, request=request)
requests.exceptions.SSLError: HTTPSConnectionPool(host='api.wandb.ai', port=443): Max retries exceeded with url: /graphql (Caused by SSLError(SSLEOFError(8, 'EOF occurred in violation of protocol (_ssl.c:1129)')))
2023-05-26 19:08:45,643 DEBUG   HandlerThread:8780 [handler.py:handle_request():144] handle_request: keepalive
2023-05-26 19:08:50,684 DEBUG   HandlerThread:8780 [handler.py:handle_request():144] handle_request: keepalive
2023-05-26 19:08:55,745 DEBUG   HandlerThread:8780 [handler.py:handle_request():144] handle_request: keepalive
2023-05-26 19:08:58,638 INFO    SenderThread:8780 [dir_watcher.py:__init__():219] watching files in: D:\LessonProjects\Deep-Learning-Final\general\wandb\run-20230526_190840-w1aqmesx\files
2023-05-26 19:08:58,639 INFO    SenderThread:8780 [sender.py:_start_run_threads():1124] run started: w1aqmesx with start time 1685099320.532174
2023-05-26 19:08:58,639 DEBUG   SenderThread:8780 [sender.py:send_request():402] send_request: summary_record
2023-05-26 19:08:58,639 DEBUG   HandlerThread:8780 [handler.py:handle_request():144] handle_request: status_report
2023-05-26 19:08:58,639 INFO    SenderThread:8780 [sender.py:_save_file():1378] saving file wandb-summary.json with policy end
2023-05-26 19:08:58,641 DEBUG   HandlerThread:8780 [handler.py:handle_request():144] handle_request: check_version
2023-05-26 19:08:58,641 DEBUG   SenderThread:8780 [sender.py:send_request():402] send_request: check_version
2023-05-26 19:08:58,912 DEBUG   HandlerThread:8780 [handler.py:handle_request():144] handle_request: run_start
2023-05-26 19:08:58,935 DEBUG   HandlerThread:8780 [system_info.py:__init__():31] System info init
2023-05-26 19:08:58,935 DEBUG   HandlerThread:8780 [system_info.py:__init__():46] System info init done
2023-05-26 19:08:58,935 INFO    HandlerThread:8780 [system_monitor.py:start():181] Starting system monitor
2023-05-26 19:08:58,936 INFO    SystemMonitor:8780 [system_monitor.py:_start():145] Starting system asset monitoring threads
2023-05-26 19:08:58,936 INFO    HandlerThread:8780 [system_monitor.py:probe():201] Collecting system info
2023-05-26 19:08:58,940 INFO    SystemMonitor:8780 [interfaces.py:start():190] Started cpu monitoring
2023-05-26 19:08:58,941 DEBUG   HandlerThread:8780 [system_info.py:probe():195] Probing system
2023-05-26 19:08:58,941 INFO    SystemMonitor:8780 [interfaces.py:start():190] Started disk monitoring
2023-05-26 19:08:58,942 INFO    SystemMonitor:8780 [interfaces.py:start():190] Started memory monitoring
2023-05-26 19:08:58,959 INFO    SystemMonitor:8780 [interfaces.py:start():190] Started network monitoring
2023-05-26 19:08:58,960 DEBUG   HandlerThread:8780 [system_info.py:_probe_git():180] Probing git
2023-05-26 19:08:59,070 DEBUG   HandlerThread:8780 [system_info.py:_probe_git():188] Probing git done
2023-05-26 19:08:59,070 DEBUG   HandlerThread:8780 [system_info.py:probe():240] Probing system done
2023-05-26 19:08:59,070 DEBUG   HandlerThread:8780 [system_monitor.py:probe():210] {'os': 'Windows-10-10.0.22621-SP0', 'python': '3.9.10', 'heartbeatAt': '2023-05-26T11:08:58.941803', 'startedAt': '2023-05-26T11:08:40.515540', 'docker': None, 'cuda': None, 'args': ('-a', 'VAN'), 'state': 'running', 'program': 'D:\\LessonProjects\\Deep-Learning-Final\\general\\train.py', 'codePath': 'general\\train.py', 'git': {'remote': 'https://github.com/Myrrolinz/Deep-Learning-Final.git', 'commit': '922514e84f6c96dfcfea668558140ebb7bcdb87e'}, 'email': '70125231+Myrrolinz@users.noreply.github.com', 'root': 'D:/LessonProjects/Deep-Learning-Final', 'host': 'Myrrolinz', 'username': '11955', 'executable': 'D:\\Python39\\python.exe', 'cpu_count': 4, 'cpu_count_logical': 8, 'cpu_freq': {'current': 2419.0, 'min': 0.0, 'max': 2419.0}, 'cpu_freq_per_core': [{'current': 2419.0, 'min': 0.0, 'max': 2419.0}], 'disk': {'total': 237.83983993530273, 'used': 204.16720581054688}, 'memory': {'total': 15.800102233886719}}
2023-05-26 19:08:59,071 INFO    HandlerThread:8780 [system_monitor.py:probe():211] Finished collecting system info
2023-05-26 19:08:59,071 INFO    HandlerThread:8780 [system_monitor.py:probe():214] Publishing system info
2023-05-26 19:08:59,071 DEBUG   HandlerThread:8780 [system_info.py:_save_pip():51] Saving list of pip packages installed into the current environment
2023-05-26 19:08:59,076 DEBUG   HandlerThread:8780 [system_info.py:_save_pip():67] Saving pip packages done
2023-05-26 19:08:59,077 INFO    HandlerThread:8780 [system_monitor.py:probe():216] Finished publishing system info
2023-05-26 19:08:59,092 DEBUG   SenderThread:8780 [sender.py:send():375] send: files
2023-05-26 19:08:59,092 INFO    SenderThread:8780 [sender.py:_save_file():1378] saving file wandb-metadata.json with policy now
2023-05-26 19:08:59,104 DEBUG   HandlerThread:8780 [handler.py:handle_request():144] handle_request: stop_status
2023-05-26 19:08:59,104 DEBUG   SenderThread:8780 [sender.py:send_request():402] send_request: stop_status
2023-05-26 19:08:59,481 DEBUG   SenderThread:8780 [sender.py:send():375] send: telemetry
2023-05-26 19:08:59,652 INFO    Thread-16 :8780 [dir_watcher.py:_on_file_created():278] file/dir created: D:\LessonProjects\Deep-Learning-Final\general\wandb\run-20230526_190840-w1aqmesx\files\output.log
2023-05-26 19:08:59,652 INFO    Thread-16 :8780 [dir_watcher.py:_on_file_created():278] file/dir created: D:\LessonProjects\Deep-Learning-Final\general\wandb\run-20230526_190840-w1aqmesx\files\wandb-summary.json
2023-05-26 19:08:59,653 INFO    Thread-16 :8780 [dir_watcher.py:_on_file_created():278] file/dir created: D:\LessonProjects\Deep-Learning-Final\general\wandb\run-20230526_190840-w1aqmesx\files\requirements.txt
2023-05-26 19:08:59,653 INFO    Thread-16 :8780 [dir_watcher.py:_on_file_created():278] file/dir created: D:\LessonProjects\Deep-Learning-Final\general\wandb\run-20230526_190840-w1aqmesx\files\wandb-metadata.json
2023-05-26 19:08:59,952 INFO    wandb-upload_0:8780 [upload_job.py:push():137] Uploaded file C:\Users\11955\AppData\Local\Temp\tmpvnp874e7wandb\i65kje7a-wandb-metadata.json
2023-05-26 19:09:01,666 INFO    Thread-16 :8780 [dir_watcher.py:_on_file_modified():295] file/dir modified: D:\LessonProjects\Deep-Learning-Final\general\wandb\run-20230526_190840-w1aqmesx\files\output.log
2023-05-26 19:09:02,673 INFO    Thread-16 :8780 [dir_watcher.py:_on_file_modified():295] file/dir modified: D:\LessonProjects\Deep-Learning-Final\general\wandb\run-20230526_190840-w1aqmesx\files\output.log
2023-05-26 19:09:03,684 INFO    Thread-16 :8780 [dir_watcher.py:_on_file_modified():295] file/dir modified: D:\LessonProjects\Deep-Learning-Final\general\wandb\run-20230526_190840-w1aqmesx\files\output.log
2023-05-26 19:09:03,689 DEBUG   HandlerThread:8780 [handler.py:handle_request():144] handle_request: status_report
2023-05-26 19:09:05,696 INFO    Thread-16 :8780 [dir_watcher.py:_on_file_modified():295] file/dir modified: D:\LessonProjects\Deep-Learning-Final\general\wandb\run-20230526_190840-w1aqmesx\files\output.log
2023-05-26 19:09:07,727 INFO    Thread-16 :8780 [dir_watcher.py:_on_file_modified():295] file/dir modified: D:\LessonProjects\Deep-Learning-Final\general\wandb\run-20230526_190840-w1aqmesx\files\output.log
2023-05-26 19:09:08,760 DEBUG   HandlerThread:8780 [handler.py:handle_request():144] handle_request: status_report
2023-05-26 19:09:09,735 INFO    Thread-16 :8780 [dir_watcher.py:_on_file_modified():295] file/dir modified: D:\LessonProjects\Deep-Learning-Final\general\wandb\run-20230526_190840-w1aqmesx\files\output.log
2023-05-26 19:09:11,752 INFO    Thread-16 :8780 [dir_watcher.py:_on_file_modified():295] file/dir modified: D:\LessonProjects\Deep-Learning-Final\general\wandb\run-20230526_190840-w1aqmesx\files\output.log
2023-05-26 19:09:13,775 INFO    Thread-16 :8780 [dir_watcher.py:_on_file_modified():295] file/dir modified: D:\LessonProjects\Deep-Learning-Final\general\wandb\run-20230526_190840-w1aqmesx\files\output.log
2023-05-26 19:09:13,880 DEBUG   HandlerThread:8780 [handler.py:handle_request():144] handle_request: status_report
2023-05-26 19:09:14,110 DEBUG   HandlerThread:8780 [handler.py:handle_request():144] handle_request: stop_status
2023-05-26 19:09:14,165 DEBUG   SenderThread:8780 [sender.py:send_request():402] send_request: stop_status
2023-05-26 19:09:14,779 INFO    Thread-16 :8780 [dir_watcher.py:_on_file_modified():295] file/dir modified: D:\LessonProjects\Deep-Learning-Final\general\wandb\run-20230526_190840-w1aqmesx\files\config.yaml
2023-05-26 19:09:15,786 INFO    Thread-16 :8780 [dir_watcher.py:_on_file_modified():295] file/dir modified: D:\LessonProjects\Deep-Learning-Final\general\wandb\run-20230526_190840-w1aqmesx\files\output.log
2023-05-26 19:09:17,803 INFO    Thread-16 :8780 [dir_watcher.py:_on_file_modified():295] file/dir modified: D:\LessonProjects\Deep-Learning-Final\general\wandb\run-20230526_190840-w1aqmesx\files\output.log
2023-05-26 19:09:19,306 DEBUG   HandlerThread:8780 [handler.py:handle_request():144] handle_request: status_report
2023-05-26 19:09:19,818 INFO    Thread-16 :8780 [dir_watcher.py:_on_file_modified():295] file/dir modified: D:\LessonProjects\Deep-Learning-Final\general\wandb\run-20230526_190840-w1aqmesx\files\output.log
2023-05-26 19:09:21,821 INFO    Thread-16 :8780 [dir_watcher.py:_on_file_modified():295] file/dir modified: D:\LessonProjects\Deep-Learning-Final\general\wandb\run-20230526_190840-w1aqmesx\files\output.log
2023-05-26 19:09:23,832 INFO    Thread-16 :8780 [dir_watcher.py:_on_file_modified():295] file/dir modified: D:\LessonProjects\Deep-Learning-Final\general\wandb\run-20230526_190840-w1aqmesx\files\output.log
2023-05-26 19:09:24,362 DEBUG   HandlerThread:8780 [handler.py:handle_request():144] handle_request: status_report
2023-05-26 19:09:25,850 INFO    Thread-16 :8780 [dir_watcher.py:_on_file_modified():295] file/dir modified: D:\LessonProjects\Deep-Learning-Final\general\wandb\run-20230526_190840-w1aqmesx\files\output.log
2023-05-26 19:09:27,869 INFO    Thread-16 :8780 [dir_watcher.py:_on_file_modified():295] file/dir modified: D:\LessonProjects\Deep-Learning-Final\general\wandb\run-20230526_190840-w1aqmesx\files\output.log
2023-05-26 19:09:29,132 DEBUG   HandlerThread:8780 [handler.py:handle_request():144] handle_request: stop_status
2023-05-26 19:09:29,132 DEBUG   SenderThread:8780 [sender.py:send_request():402] send_request: stop_status
2023-05-26 19:09:29,396 DEBUG   HandlerThread:8780 [handler.py:handle_request():144] handle_request: status_report
2023-05-26 19:09:29,896 INFO    Thread-16 :8780 [dir_watcher.py:_on_file_modified():295] file/dir modified: D:\LessonProjects\Deep-Learning-Final\general\wandb\run-20230526_190840-w1aqmesx\files\output.log
2023-05-26 19:09:31,905 INFO    Thread-16 :8780 [dir_watcher.py:_on_file_modified():295] file/dir modified: D:\LessonProjects\Deep-Learning-Final\general\wandb\run-20230526_190840-w1aqmesx\files\output.log
2023-05-26 19:09:33,935 INFO    Thread-16 :8780 [dir_watcher.py:_on_file_modified():295] file/dir modified: D:\LessonProjects\Deep-Learning-Final\general\wandb\run-20230526_190840-w1aqmesx\files\output.log
2023-05-26 19:09:34,946 INFO    Thread-16 :8780 [dir_watcher.py:_on_file_modified():295] file/dir modified: D:\LessonProjects\Deep-Learning-Final\general\wandb\run-20230526_190840-w1aqmesx\files\output.log
2023-05-26 19:09:35,249 DEBUG   HandlerThread:8780 [handler.py:handle_request():144] handle_request: status_report
2023-05-26 19:09:35,950 INFO    Thread-16 :8780 [dir_watcher.py:_on_file_modified():295] file/dir modified: D:\LessonProjects\Deep-Learning-Final\general\wandb\run-20230526_190840-w1aqmesx\files\output.log
2023-05-26 19:09:36,886 DEBUG   SenderThread:8780 [sender.py:send():375] send: telemetry
2023-05-26 19:09:36,949 DEBUG   HandlerThread:8780 [handler.py:handle_request():144] handle_request: partial_history
2023-05-26 19:09:36,949 DEBUG   HandlerThread:8780 [handler.py:handle_request():144] handle_request: partial_history
2023-05-26 19:09:36,949 DEBUG   SenderThread:8780 [sender.py:send():375] send: history
2023-05-26 19:09:36,949 DEBUG   SenderThread:8780 [sender.py:send_request():402] send_request: summary_record
2023-05-26 19:09:36,949 INFO    SenderThread:8780 [sender.py:_save_file():1378] saving file wandb-summary.json with policy end
2023-05-26 19:09:36,949 DEBUG   SenderThread:8780 [sender.py:send():375] send: history
2023-05-26 19:09:36,949 DEBUG   SenderThread:8780 [sender.py:send_request():402] send_request: summary_record
2023-05-26 19:09:36,958 INFO    SenderThread:8780 [sender.py:_save_file():1378] saving file wandb-summary.json with policy end
2023-05-26 19:09:36,958 INFO    Thread-16 :8780 [dir_watcher.py:_on_file_modified():295] file/dir modified: D:\LessonProjects\Deep-Learning-Final\general\wandb\run-20230526_190840-w1aqmesx\files\wandb-summary.json
2023-05-26 19:09:38,975 INFO    Thread-16 :8780 [dir_watcher.py:_on_file_modified():295] file/dir modified: D:\LessonProjects\Deep-Learning-Final\general\wandb\run-20230526_190840-w1aqmesx\files\output.log
2023-05-26 19:09:40,999 DEBUG   HandlerThread:8780 [handler.py:handle_request():144] handle_request: status_report
2023-05-26 19:09:44,134 DEBUG   HandlerThread:8780 [handler.py:handle_request():144] handle_request: stop_status
2023-05-26 19:09:44,134 DEBUG   SenderThread:8780 [sender.py:send_request():402] send_request: stop_status
2023-05-26 19:09:46,516 DEBUG   HandlerThread:8780 [handler.py:handle_request():144] handle_request: status_report
2023-05-26 19:09:47,061 INFO    Thread-16 :8780 [dir_watcher.py:_on_file_modified():295] file/dir modified: D:\LessonProjects\Deep-Learning-Final\general\wandb\run-20230526_190840-w1aqmesx\files\config.yaml
2023-05-26 19:09:51,810 DEBUG   HandlerThread:8780 [handler.py:handle_request():144] handle_request: status_report
2023-05-26 19:09:53,108 INFO    Thread-16 :8780 [dir_watcher.py:_on_file_modified():295] file/dir modified: D:\LessonProjects\Deep-Learning-Final\general\wandb\run-20230526_190840-w1aqmesx\files\output.log
2023-05-26 19:09:56,866 DEBUG   HandlerThread:8780 [handler.py:handle_request():144] handle_request: status_report
2023-05-26 19:09:58,971 DEBUG   SystemMonitor:8780 [system_monitor.py:_start():159] Starting system metrics aggregation loop
2023-05-26 19:09:58,971 DEBUG   SenderThread:8780 [sender.py:send():375] send: stats
2023-05-26 19:09:59,139 DEBUG   HandlerThread:8780 [handler.py:handle_request():144] handle_request: stop_status
2023-05-26 19:09:59,139 DEBUG   SenderThread:8780 [sender.py:send_request():402] send_request: stop_status
2023-05-26 19:10:02,419 DEBUG   HandlerThread:8780 [handler.py:handle_request():144] handle_request: status_report
2023-05-26 19:10:07,472 DEBUG   HandlerThread:8780 [handler.py:handle_request():144] handle_request: status_report
2023-05-26 19:10:13,269 INFO    Thread-16 :8780 [dir_watcher.py:_on_file_modified():295] file/dir modified: D:\LessonProjects\Deep-Learning-Final\general\wandb\run-20230526_190840-w1aqmesx\files\output.log
2023-05-26 19:10:13,317 DEBUG   HandlerThread:8780 [handler.py:handle_request():144] handle_request: status_report
2023-05-26 19:10:14,162 DEBUG   HandlerThread:8780 [handler.py:handle_request():144] handle_request: stop_status
2023-05-26 19:10:14,162 DEBUG   SenderThread:8780 [sender.py:send_request():402] send_request: stop_status
2023-05-26 19:10:18,524 DEBUG   HandlerThread:8780 [handler.py:handle_request():144] handle_request: status_report
2023-05-26 19:10:23,570 DEBUG   HandlerThread:8780 [handler.py:handle_request():144] handle_request: status_report
2023-05-26 19:10:28,624 DEBUG   HandlerThread:8780 [handler.py:handle_request():144] handle_request: status_report
2023-05-26 19:10:28,985 DEBUG   SenderThread:8780 [sender.py:send():375] send: stats
2023-05-26 19:10:29,172 DEBUG   HandlerThread:8780 [handler.py:handle_request():144] handle_request: stop_status
2023-05-26 19:10:29,173 DEBUG   SenderThread:8780 [sender.py:send_request():402] send_request: stop_status
2023-05-26 19:10:33,472 INFO    Thread-16 :8780 [dir_watcher.py:_on_file_modified():295] file/dir modified: D:\LessonProjects\Deep-Learning-Final\general\wandb\run-20230526_190840-w1aqmesx\files\output.log
2023-05-26 19:10:34,340 DEBUG   HandlerThread:8780 [handler.py:handle_request():144] handle_request: status_report
2023-05-26 19:10:39,403 DEBUG   HandlerThread:8780 [handler.py:handle_request():144] handle_request: status_report
2023-05-26 19:10:44,167 DEBUG   HandlerThread:8780 [handler.py:handle_request():144] handle_request: stop_status
2023-05-26 19:10:44,168 DEBUG   SenderThread:8780 [sender.py:send_request():402] send_request: stop_status
2023-05-26 19:10:44,411 DEBUG   HandlerThread:8780 [handler.py:handle_request():144] handle_request: status_report
2023-05-26 19:10:49,444 DEBUG   HandlerThread:8780 [handler.py:handle_request():144] handle_request: status_report
2023-05-26 19:10:54,859 INFO    Thread-16 :8780 [dir_watcher.py:_on_file_modified():295] file/dir modified: D:\LessonProjects\Deep-Learning-Final\general\wandb\run-20230526_190840-w1aqmesx\files\output.log
2023-05-26 19:10:54,922 DEBUG   HandlerThread:8780 [handler.py:handle_request():144] handle_request: status_report
2023-05-26 19:10:58,988 DEBUG   SenderThread:8780 [sender.py:send():375] send: stats
2023-05-26 19:10:59,179 DEBUG   HandlerThread:8780 [handler.py:handle_request():144] handle_request: stop_status
2023-05-26 19:10:59,179 DEBUG   SenderThread:8780 [sender.py:send_request():402] send_request: stop_status
2023-05-26 19:11:00,566 DEBUG   HandlerThread:8780 [handler.py:handle_request():144] handle_request: status_report
2023-05-26 19:11:05,601 DEBUG   HandlerThread:8780 [handler.py:handle_request():144] handle_request: status_report
2023-05-26 19:11:10,618 DEBUG   HandlerThread:8780 [handler.py:handle_request():144] handle_request: status_report
2023-05-26 19:11:14,206 DEBUG   HandlerThread:8780 [handler.py:handle_request():144] handle_request: stop_status
2023-05-26 19:11:14,206 DEBUG   SenderThread:8780 [sender.py:send_request():402] send_request: stop_status
2023-05-26 19:11:15,201 INFO    Thread-16 :8780 [dir_watcher.py:_on_file_modified():295] file/dir modified: D:\LessonProjects\Deep-Learning-Final\general\wandb\run-20230526_190840-w1aqmesx\files\output.log
2023-05-26 19:11:16,476 DEBUG   HandlerThread:8780 [handler.py:handle_request():144] handle_request: status_report
2023-05-26 19:11:21,515 DEBUG   HandlerThread:8780 [handler.py:handle_request():144] handle_request: status_report
2023-05-26 19:11:26,540 DEBUG   HandlerThread:8780 [handler.py:handle_request():144] handle_request: status_report
2023-05-26 19:11:28,993 DEBUG   SenderThread:8780 [sender.py:send():375] send: stats
2023-05-26 19:11:29,208 DEBUG   HandlerThread:8780 [handler.py:handle_request():144] handle_request: stop_status
2023-05-26 19:11:29,208 DEBUG   SenderThread:8780 [sender.py:send_request():402] send_request: stop_status
2023-05-26 19:11:32,509 DEBUG   HandlerThread:8780 [handler.py:handle_request():144] handle_request: status_report
2023-05-26 19:11:35,562 INFO    Thread-16 :8780 [dir_watcher.py:_on_file_modified():295] file/dir modified: D:\LessonProjects\Deep-Learning-Final\general\wandb\run-20230526_190840-w1aqmesx\files\output.log
2023-05-26 19:11:37,911 DEBUG   HandlerThread:8780 [handler.py:handle_request():144] handle_request: status_report
2023-05-26 19:11:42,945 DEBUG   HandlerThread:8780 [handler.py:handle_request():144] handle_request: status_report
2023-05-26 19:11:44,233 DEBUG   HandlerThread:8780 [handler.py:handle_request():144] handle_request: stop_status
2023-05-26 19:11:44,233 DEBUG   SenderThread:8780 [sender.py:send_request():402] send_request: stop_status
2023-05-26 19:11:48,528 DEBUG   HandlerThread:8780 [handler.py:handle_request():144] handle_request: status_report
2023-05-26 19:11:53,566 DEBUG   HandlerThread:8780 [handler.py:handle_request():144] handle_request: status_report
2023-05-26 19:11:55,906 INFO    Thread-16 :8780 [dir_watcher.py:_on_file_modified():295] file/dir modified: D:\LessonProjects\Deep-Learning-Final\general\wandb\run-20230526_190840-w1aqmesx\files\output.log
2023-05-26 19:11:58,859 DEBUG   HandlerThread:8780 [handler.py:handle_request():144] handle_request: status_report
2023-05-26 19:11:58,998 DEBUG   SenderThread:8780 [sender.py:send():375] send: stats
2023-05-26 19:11:59,234 DEBUG   HandlerThread:8780 [handler.py:handle_request():144] handle_request: stop_status
2023-05-26 19:11:59,235 DEBUG   SenderThread:8780 [sender.py:send_request():402] send_request: stop_status
2023-05-26 19:12:04,589 DEBUG   HandlerThread:8780 [handler.py:handle_request():144] handle_request: status_report
2023-05-26 19:12:09,630 DEBUG   HandlerThread:8780 [handler.py:handle_request():144] handle_request: status_report
2023-05-26 19:12:14,230 DEBUG   HandlerThread:8780 [handler.py:handle_request():144] handle_request: stop_status
2023-05-26 19:12:14,230 DEBUG   SenderThread:8780 [sender.py:send_request():402] send_request: stop_status
2023-05-26 19:12:15,484 DEBUG   HandlerThread:8780 [handler.py:handle_request():144] handle_request: status_report
2023-05-26 19:12:17,250 INFO    Thread-16 :8780 [dir_watcher.py:_on_file_modified():295] file/dir modified: D:\LessonProjects\Deep-Learning-Final\general\wandb\run-20230526_190840-w1aqmesx\files\output.log
2023-05-26 19:12:20,926 DEBUG   HandlerThread:8780 [handler.py:handle_request():144] handle_request: status_report
2023-05-26 19:12:25,959 DEBUG   HandlerThread:8780 [handler.py:handle_request():144] handle_request: status_report
2023-05-26 19:12:29,012 DEBUG   SenderThread:8780 [sender.py:send():375] send: stats
2023-05-26 19:12:29,242 DEBUG   HandlerThread:8780 [handler.py:handle_request():144] handle_request: stop_status
2023-05-26 19:12:29,242 DEBUG   SenderThread:8780 [sender.py:send_request():402] send_request: stop_status
2023-05-26 19:12:31,567 DEBUG   HandlerThread:8780 [handler.py:handle_request():144] handle_request: status_report
2023-05-26 19:12:36,616 DEBUG   HandlerThread:8780 [handler.py:handle_request():144] handle_request: status_report
2023-05-26 19:12:39,673 INFO    Thread-16 :8780 [dir_watcher.py:_on_file_modified():295] file/dir modified: D:\LessonProjects\Deep-Learning-Final\general\wandb\run-20230526_190840-w1aqmesx\files\output.log
2023-05-26 19:12:42,313 DEBUG   HandlerThread:8780 [handler.py:handle_request():144] handle_request: status_report
2023-05-26 19:12:44,262 DEBUG   HandlerThread:8780 [handler.py:handle_request():144] handle_request: stop_status
2023-05-26 19:12:44,263 DEBUG   SenderThread:8780 [sender.py:send_request():402] send_request: stop_status
2023-05-26 19:12:47,527 DEBUG   HandlerThread:8780 [handler.py:handle_request():144] handle_request: status_report
2023-05-26 19:12:52,571 DEBUG   HandlerThread:8780 [handler.py:handle_request():144] handle_request: status_report
2023-05-26 19:12:57,607 DEBUG   HandlerThread:8780 [handler.py:handle_request():144] handle_request: status_report
2023-05-26 19:12:59,025 DEBUG   SenderThread:8780 [sender.py:send():375] send: stats
2023-05-26 19:12:59,262 DEBUG   HandlerThread:8780 [handler.py:handle_request():144] handle_request: stop_status
2023-05-26 19:12:59,262 DEBUG   SenderThread:8780 [sender.py:send_request():402] send_request: stop_status
2023-05-26 19:13:00,039 INFO    Thread-16 :8780 [dir_watcher.py:_on_file_modified():295] file/dir modified: D:\LessonProjects\Deep-Learning-Final\general\wandb\run-20230526_190840-w1aqmesx\files\output.log
2023-05-26 19:13:03,538 DEBUG   HandlerThread:8780 [handler.py:handle_request():144] handle_request: status_report
2023-05-26 19:13:08,586 DEBUG   HandlerThread:8780 [handler.py:handle_request():144] handle_request: status_report
2023-05-26 19:13:13,604 DEBUG   HandlerThread:8780 [handler.py:handle_request():144] handle_request: status_report
2023-05-26 19:13:14,276 DEBUG   HandlerThread:8780 [handler.py:handle_request():144] handle_request: stop_status
2023-05-26 19:13:14,276 DEBUG   SenderThread:8780 [sender.py:send_request():402] send_request: stop_status
2023-05-26 19:13:19,469 DEBUG   HandlerThread:8780 [handler.py:handle_request():144] handle_request: status_report
2023-05-26 19:13:22,387 INFO    Thread-16 :8780 [dir_watcher.py:_on_file_modified():295] file/dir modified: D:\LessonProjects\Deep-Learning-Final\general\wandb\run-20230526_190840-w1aqmesx\files\output.log
2023-05-26 19:13:24,540 DEBUG   HandlerThread:8780 [handler.py:handle_request():144] handle_request: status_report
2023-05-26 19:13:29,038 DEBUG   SenderThread:8780 [sender.py:send():375] send: stats
2023-05-26 19:13:29,297 DEBUG   HandlerThread:8780 [handler.py:handle_request():144] handle_request: stop_status
2023-05-26 19:13:29,299 DEBUG   SenderThread:8780 [sender.py:send_request():402] send_request: stop_status
2023-05-26 19:13:29,564 DEBUG   HandlerThread:8780 [handler.py:handle_request():144] handle_request: status_report
2023-05-26 19:13:34,597 DEBUG   HandlerThread:8780 [handler.py:handle_request():144] handle_request: status_report
2023-05-26 19:13:39,688 DEBUG   HandlerThread:8780 [handler.py:handle_request():144] handle_request: status_report
2023-05-26 19:13:41,732 INFO    Thread-16 :8780 [dir_watcher.py:_on_file_modified():295] file/dir modified: D:\LessonProjects\Deep-Learning-Final\general\wandb\run-20230526_190840-w1aqmesx\files\output.log
2023-05-26 19:13:44,308 DEBUG   HandlerThread:8780 [handler.py:handle_request():144] handle_request: stop_status
2023-05-26 19:13:44,308 DEBUG   SenderThread:8780 [sender.py:send_request():402] send_request: stop_status
2023-05-26 19:13:45,574 DEBUG   HandlerThread:8780 [handler.py:handle_request():144] handle_request: status_report
2023-05-26 19:13:50,619 DEBUG   HandlerThread:8780 [handler.py:handle_request():144] handle_request: status_report
2023-05-26 19:13:55,644 DEBUG   HandlerThread:8780 [handler.py:handle_request():144] handle_request: status_report
2023-05-26 19:13:59,045 DEBUG   SenderThread:8780 [sender.py:send():375] send: stats
2023-05-26 19:13:59,325 DEBUG   HandlerThread:8780 [handler.py:handle_request():144] handle_request: stop_status
2023-05-26 19:13:59,325 DEBUG   SenderThread:8780 [sender.py:send_request():402] send_request: stop_status
2023-05-26 19:14:00,775 DEBUG   HandlerThread:8780 [handler.py:handle_request():144] handle_request: status_report
2023-05-26 19:14:04,138 INFO    Thread-16 :8780 [dir_watcher.py:_on_file_modified():295] file/dir modified: D:\LessonProjects\Deep-Learning-Final\general\wandb\run-20230526_190840-w1aqmesx\files\output.log
2023-05-26 19:14:06,452 DEBUG   HandlerThread:8780 [handler.py:handle_request():144] handle_request: status_report
2023-05-26 19:14:11,494 DEBUG   HandlerThread:8780 [handler.py:handle_request():144] handle_request: status_report
2023-05-26 19:14:14,334 DEBUG   HandlerThread:8780 [handler.py:handle_request():144] handle_request: stop_status
2023-05-26 19:14:14,334 DEBUG   SenderThread:8780 [sender.py:send_request():402] send_request: stop_status
2023-05-26 19:14:16,641 DEBUG   HandlerThread:8780 [handler.py:handle_request():144] handle_request: status_report
2023-05-26 19:14:21,698 DEBUG   HandlerThread:8780 [handler.py:handle_request():144] handle_request: status_report
2023-05-26 19:14:25,756 WARNING FileStreamThread:8780 [file_stream.py:request_with_retry():670] requests_with_retry encountered retryable exception: HTTPSConnectionPool(host='api.wandb.ai', port=443): Max retries exceeded with url: /files/mildredteam/TripletAttention/w1aqmesx/file_stream (Caused by SSLError(SSLEOFError(8, 'EOF occurred in violation of protocol (_ssl.c:1129)'))). func: <bound method Session.post of <requests.sessions.Session object at 0x0000022E2E430310>>, args: ('https://api.wandb.ai/files/mildredteam/TripletAttention/w1aqmesx/file_stream',), kwargs: {'json': {'files': {'wandb-events.jsonl': {'offset': 8, 'content': ['{"system.proc.memory.availableMB": 3702.22, "system.memory": 77.13, "system.proc.memory.rssMB": 860.81, "system.proc.memory.percent": 5.32, "system.cpu": 16.75, "system.cpu.0.cpu_percent": 7.81, "system.cpu.1.cpu_percent": 54.46, "system.cpu.2.cpu_percent": 11.94, "system.cpu.3.cpu_percent": 15.67, "system.cpu.4.cpu_percent": 17.87, "system.cpu.5.cpu_percent": 19.75, "system.cpu.6.cpu_percent": 29.85, "system.cpu.7.cpu_percent": 32.98, "system.proc.cpu.threads": 22, "system.disk": 86.0, "system.network.sent": 772998.27, "system.network.recv": 175729124.73, "_wandb": true, "_timestamp": 1685099639.045218, "_runtime": 318.513044}']}, 'output.log': {'offset': 361, 'content': ['2023-05-26T11:13:41.567955 Epoch: [0][110/196]\tTime 2.199 (2.191)\tData 0.000 (0.115)\tLoss 3.7552 (4.6360)\tPrec@1 13.281 (10.526)\tPrec@5 40.625 (30.641)\n', '2023-05-26T11:14:03.684825 Epoch: [0][120/196]\tTime 2.242 (2.194)\tData 0.008 (0.106)\tLoss 3.6839 (4.5600)\tPrec@1 18.750 (10.892)\tPrec@5 42.188 (31.347)\n', '2023-05-26T11:14:25.738667 Epoch: [0][130/196]\tTime 2.131 (2.192)\tData 0.000 (0.098)\tLoss 3.6702 (4.4858)\tPrec@1 15.234 (11.310)\tPrec@5 39.844 (32.136)\n']}}, 'dropped': 0}}
2023-05-26 19:14:26,557 INFO    Thread-16 :8780 [dir_watcher.py:_on_file_modified():295] file/dir modified: D:\LessonProjects\Deep-Learning-Final\general\wandb\run-20230526_190840-w1aqmesx\files\output.log
2023-05-26 19:14:27,083 DEBUG   HandlerThread:8780 [handler.py:handle_request():144] handle_request: status_report
2023-05-26 19:14:28,013 WARNING FileStreamThread:8780 [file_stream.py:request_with_retry():670] requests_with_retry encountered retryable exception: HTTPSConnectionPool(host='api.wandb.ai', port=443): Max retries exceeded with url: /files/mildredteam/TripletAttention/w1aqmesx/file_stream (Caused by SSLError(SSLEOFError(8, 'EOF occurred in violation of protocol (_ssl.c:1129)'))). func: <bound method Session.post of <requests.sessions.Session object at 0x0000022E2E430310>>, args: ('https://api.wandb.ai/files/mildredteam/TripletAttention/w1aqmesx/file_stream',), kwargs: {'json': {'files': {'wandb-events.jsonl': {'offset': 8, 'content': ['{"system.proc.memory.availableMB": 3702.22, "system.memory": 77.13, "system.proc.memory.rssMB": 860.81, "system.proc.memory.percent": 5.32, "system.cpu": 16.75, "system.cpu.0.cpu_percent": 7.81, "system.cpu.1.cpu_percent": 54.46, "system.cpu.2.cpu_percent": 11.94, "system.cpu.3.cpu_percent": 15.67, "system.cpu.4.cpu_percent": 17.87, "system.cpu.5.cpu_percent": 19.75, "system.cpu.6.cpu_percent": 29.85, "system.cpu.7.cpu_percent": 32.98, "system.proc.cpu.threads": 22, "system.disk": 86.0, "system.network.sent": 772998.27, "system.network.recv": 175729124.73, "_wandb": true, "_timestamp": 1685099639.045218, "_runtime": 318.513044}']}, 'output.log': {'offset': 361, 'content': ['2023-05-26T11:13:41.567955 Epoch: [0][110/196]\tTime 2.199 (2.191)\tData 0.000 (0.115)\tLoss 3.7552 (4.6360)\tPrec@1 13.281 (10.526)\tPrec@5 40.625 (30.641)\n', '2023-05-26T11:14:03.684825 Epoch: [0][120/196]\tTime 2.242 (2.194)\tData 0.008 (0.106)\tLoss 3.6839 (4.5600)\tPrec@1 18.750 (10.892)\tPrec@5 42.188 (31.347)\n', '2023-05-26T11:14:25.738667 Epoch: [0][130/196]\tTime 2.131 (2.192)\tData 0.000 (0.098)\tLoss 3.6702 (4.4858)\tPrec@1 15.234 (11.310)\tPrec@5 39.844 (32.136)\n']}}, 'dropped': 0}}
2023-05-26 19:14:29,055 DEBUG   SenderThread:8780 [sender.py:send():375] send: stats
2023-05-26 19:14:29,352 DEBUG   HandlerThread:8780 [handler.py:handle_request():144] handle_request: stop_status
2023-05-26 19:14:29,352 DEBUG   SenderThread:8780 [sender.py:send_request():402] send_request: stop_status
2023-05-26 19:14:32,472 WARNING FileStreamThread:8780 [file_stream.py:request_with_retry():670] requests_with_retry encountered retryable exception: HTTPSConnectionPool(host='api.wandb.ai', port=443): Max retries exceeded with url: /files/mildredteam/TripletAttention/w1aqmesx/file_stream (Caused by SSLError(SSLEOFError(8, 'EOF occurred in violation of protocol (_ssl.c:1129)'))). func: <bound method Session.post of <requests.sessions.Session object at 0x0000022E2E430310>>, args: ('https://api.wandb.ai/files/mildredteam/TripletAttention/w1aqmesx/file_stream',), kwargs: {'json': {'files': {'wandb-events.jsonl': {'offset': 8, 'content': ['{"system.proc.memory.availableMB": 3702.22, "system.memory": 77.13, "system.proc.memory.rssMB": 860.81, "system.proc.memory.percent": 5.32, "system.cpu": 16.75, "system.cpu.0.cpu_percent": 7.81, "system.cpu.1.cpu_percent": 54.46, "system.cpu.2.cpu_percent": 11.94, "system.cpu.3.cpu_percent": 15.67, "system.cpu.4.cpu_percent": 17.87, "system.cpu.5.cpu_percent": 19.75, "system.cpu.6.cpu_percent": 29.85, "system.cpu.7.cpu_percent": 32.98, "system.proc.cpu.threads": 22, "system.disk": 86.0, "system.network.sent": 772998.27, "system.network.recv": 175729124.73, "_wandb": true, "_timestamp": 1685099639.045218, "_runtime": 318.513044}']}, 'output.log': {'offset': 361, 'content': ['2023-05-26T11:13:41.567955 Epoch: [0][110/196]\tTime 2.199 (2.191)\tData 0.000 (0.115)\tLoss 3.7552 (4.6360)\tPrec@1 13.281 (10.526)\tPrec@5 40.625 (30.641)\n', '2023-05-26T11:14:03.684825 Epoch: [0][120/196]\tTime 2.242 (2.194)\tData 0.008 (0.106)\tLoss 3.6839 (4.5600)\tPrec@1 18.750 (10.892)\tPrec@5 42.188 (31.347)\n', '2023-05-26T11:14:25.738667 Epoch: [0][130/196]\tTime 2.131 (2.192)\tData 0.000 (0.098)\tLoss 3.6702 (4.4858)\tPrec@1 15.234 (11.310)\tPrec@5 39.844 (32.136)\n']}}, 'dropped': 0}}
2023-05-26 19:14:32,780 INFO    SenderThread:8780 [retry.py:__call__():172] Retry attempt failed:
Traceback (most recent call last):
  File "D:\Python39\lib\site-packages\urllib3\connectionpool.py", line 700, in urlopen
    self._prepare_proxy(conn)
  File "D:\Python39\lib\site-packages\urllib3\connectionpool.py", line 996, in _prepare_proxy
    conn.connect()
  File "D:\Python39\lib\site-packages\urllib3\connection.py", line 364, in connect
    self.sock = conn = self._connect_tls_proxy(hostname, conn)
  File "D:\Python39\lib\site-packages\urllib3\connection.py", line 499, in _connect_tls_proxy
    socket = ssl_wrap_socket(
  File "D:\Python39\lib\site-packages\urllib3\util\ssl_.py", line 453, in ssl_wrap_socket
    ssl_sock = _ssl_wrap_socket_impl(sock, context, tls_in_tls)
  File "D:\Python39\lib\site-packages\urllib3\util\ssl_.py", line 495, in _ssl_wrap_socket_impl
    return ssl_context.wrap_socket(sock)
  File "D:\Python39\lib\ssl.py", line 500, in wrap_socket
    return self.sslsocket_class._create(
  File "D:\Python39\lib\ssl.py", line 1040, in _create
    self.do_handshake()
  File "D:\Python39\lib\ssl.py", line 1309, in do_handshake
    self._sslobj.do_handshake()
ssl.SSLEOFError: EOF occurred in violation of protocol (_ssl.c:1129)

During handling of the above exception, another exception occurred:

Traceback (most recent call last):
  File "D:\Python39\lib\site-packages\requests\adapters.py", line 489, in send
    resp = conn.urlopen(
  File "D:\Python39\lib\site-packages\urllib3\connectionpool.py", line 787, in urlopen
    retries = retries.increment(
  File "D:\Python39\lib\site-packages\urllib3\util\retry.py", line 592, in increment
    raise MaxRetryError(_pool, url, error or ResponseError(cause))
urllib3.exceptions.MaxRetryError: HTTPSConnectionPool(host='api.wandb.ai', port=443): Max retries exceeded with url: /graphql (Caused by SSLError(SSLEOFError(8, 'EOF occurred in violation of protocol (_ssl.c:1129)')))

During handling of the above exception, another exception occurred:

Traceback (most recent call last):
  File "D:\Python39\lib\site-packages\wandb\sdk\lib\retry.py", line 131, in __call__
    result = self._call_fn(*args, **kwargs)
  File "D:\Python39\lib\site-packages\wandb\sdk\internal\internal_api.py", line 285, in execute
    return self.client.execute(*args, **kwargs)  # type: ignore
  File "D:\Python39\lib\site-packages\wandb\vendor\gql-0.2.0\wandb_gql\client.py", line 52, in execute
    result = self._get_result(document, *args, **kwargs)
  File "D:\Python39\lib\site-packages\wandb\vendor\gql-0.2.0\wandb_gql\client.py", line 60, in _get_result
    return self.transport.execute(document, *args, **kwargs)
  File "D:\Python39\lib\site-packages\wandb\sdk\lib\gql_request.py", line 55, in execute
    request = self.session.post(self.url, **post_args)
  File "D:\Python39\lib\site-packages\requests\sessions.py", line 635, in post
    return self.request("POST", url, data=data, json=json, **kwargs)
  File "D:\Python39\lib\site-packages\requests\sessions.py", line 587, in request
    resp = self.send(prep, **send_kwargs)
  File "D:\Python39\lib\site-packages\requests\sessions.py", line 701, in send
    r = adapter.send(request, **kwargs)
  File "D:\Python39\lib\site-packages\requests\adapters.py", line 563, in send
    raise SSLError(e, request=request)
requests.exceptions.SSLError: HTTPSConnectionPool(host='api.wandb.ai', port=443): Max retries exceeded with url: /graphql (Caused by SSLError(SSLEOFError(8, 'EOF occurred in violation of protocol (_ssl.c:1129)')))
2023-05-26 19:14:34,390 DEBUG   HandlerThread:8780 [handler.py:handle_request():144] handle_request: keepalive
2023-05-26 19:14:39,427 DEBUG   HandlerThread:8780 [handler.py:handle_request():144] handle_request: keepalive
2023-05-26 19:14:42,266 WARNING FileStreamThread:8780 [file_stream.py:request_with_retry():670] requests_with_retry encountered retryable exception: HTTPSConnectionPool(host='api.wandb.ai', port=443): Max retries exceeded with url: /files/mildredteam/TripletAttention/w1aqmesx/file_stream (Caused by SSLError(SSLEOFError(8, 'EOF occurred in violation of protocol (_ssl.c:1129)'))). func: <bound method Session.post of <requests.sessions.Session object at 0x0000022E2E430310>>, args: ('https://api.wandb.ai/files/mildredteam/TripletAttention/w1aqmesx/file_stream',), kwargs: {'json': {'files': {'wandb-events.jsonl': {'offset': 8, 'content': ['{"system.proc.memory.availableMB": 3702.22, "system.memory": 77.13, "system.proc.memory.rssMB": 860.81, "system.proc.memory.percent": 5.32, "system.cpu": 16.75, "system.cpu.0.cpu_percent": 7.81, "system.cpu.1.cpu_percent": 54.46, "system.cpu.2.cpu_percent": 11.94, "system.cpu.3.cpu_percent": 15.67, "system.cpu.4.cpu_percent": 17.87, "system.cpu.5.cpu_percent": 19.75, "system.cpu.6.cpu_percent": 29.85, "system.cpu.7.cpu_percent": 32.98, "system.proc.cpu.threads": 22, "system.disk": 86.0, "system.network.sent": 772998.27, "system.network.recv": 175729124.73, "_wandb": true, "_timestamp": 1685099639.045218, "_runtime": 318.513044}']}, 'output.log': {'offset': 361, 'content': ['2023-05-26T11:13:41.567955 Epoch: [0][110/196]\tTime 2.199 (2.191)\tData 0.000 (0.115)\tLoss 3.7552 (4.6360)\tPrec@1 13.281 (10.526)\tPrec@5 40.625 (30.641)\n', '2023-05-26T11:14:03.684825 Epoch: [0][120/196]\tTime 2.242 (2.194)\tData 0.008 (0.106)\tLoss 3.6839 (4.5600)\tPrec@1 18.750 (10.892)\tPrec@5 42.188 (31.347)\n', '2023-05-26T11:14:25.738667 Epoch: [0][130/196]\tTime 2.131 (2.192)\tData 0.000 (0.098)\tLoss 3.6702 (4.4858)\tPrec@1 15.234 (11.310)\tPrec@5 39.844 (32.136)\n']}}, 'dropped': 0}}
2023-05-26 19:14:49,516 DEBUG   HandlerThread:8780 [handler.py:handle_request():144] handle_request: keepalive
2023-05-26 19:14:54,548 DEBUG   HandlerThread:8780 [handler.py:handle_request():144] handle_request: keepalive
2023-05-26 19:14:59,572 DEBUG   HandlerThread:8780 [handler.py:handle_request():144] handle_request: keepalive
2023-05-26 19:15:02,105 WARNING FileStreamThread:8780 [file_stream.py:request_with_retry():670] requests_with_retry encountered retryable exception: HTTPSConnectionPool(host='api.wandb.ai', port=443): Max retries exceeded with url: /files/mildredteam/TripletAttention/w1aqmesx/file_stream (Caused by SSLError(SSLEOFError(8, 'EOF occurred in violation of protocol (_ssl.c:1129)'))). func: <bound method Session.post of <requests.sessions.Session object at 0x0000022E2E430310>>, args: ('https://api.wandb.ai/files/mildredteam/TripletAttention/w1aqmesx/file_stream',), kwargs: {'json': {'files': {'wandb-events.jsonl': {'offset': 8, 'content': ['{"system.proc.memory.availableMB": 3702.22, "system.memory": 77.13, "system.proc.memory.rssMB": 860.81, "system.proc.memory.percent": 5.32, "system.cpu": 16.75, "system.cpu.0.cpu_percent": 7.81, "system.cpu.1.cpu_percent": 54.46, "system.cpu.2.cpu_percent": 11.94, "system.cpu.3.cpu_percent": 15.67, "system.cpu.4.cpu_percent": 17.87, "system.cpu.5.cpu_percent": 19.75, "system.cpu.6.cpu_percent": 29.85, "system.cpu.7.cpu_percent": 32.98, "system.proc.cpu.threads": 22, "system.disk": 86.0, "system.network.sent": 772998.27, "system.network.recv": 175729124.73, "_wandb": true, "_timestamp": 1685099639.045218, "_runtime": 318.513044}']}, 'output.log': {'offset': 361, 'content': ['2023-05-26T11:13:41.567955 Epoch: [0][110/196]\tTime 2.199 (2.191)\tData 0.000 (0.115)\tLoss 3.7552 (4.6360)\tPrec@1 13.281 (10.526)\tPrec@5 40.625 (30.641)\n', '2023-05-26T11:14:03.684825 Epoch: [0][120/196]\tTime 2.242 (2.194)\tData 0.008 (0.106)\tLoss 3.6839 (4.5600)\tPrec@1 18.750 (10.892)\tPrec@5 42.188 (31.347)\n', '2023-05-26T11:14:25.738667 Epoch: [0][130/196]\tTime 2.131 (2.192)\tData 0.000 (0.098)\tLoss 3.6702 (4.4858)\tPrec@1 15.234 (11.310)\tPrec@5 39.844 (32.136)\n']}}, 'dropped': 0}}
2023-05-26 19:15:04,589 DEBUG   HandlerThread:8780 [handler.py:handle_request():144] handle_request: keepalive
2023-05-26 19:15:09,619 DEBUG   HandlerThread:8780 [handler.py:handle_request():144] handle_request: keepalive
2023-05-26 19:15:14,659 DEBUG   HandlerThread:8780 [handler.py:handle_request():144] handle_request: keepalive
2023-05-26 19:15:19,690 DEBUG   HandlerThread:8780 [handler.py:handle_request():144] handle_request: keepalive
2023-05-26 19:15:24,724 DEBUG   HandlerThread:8780 [handler.py:handle_request():144] handle_request: keepalive
2023-05-26 19:15:29,764 DEBUG   HandlerThread:8780 [handler.py:handle_request():144] handle_request: keepalive
2023-05-26 19:15:34,810 DEBUG   HandlerThread:8780 [handler.py:handle_request():144] handle_request: keepalive
2023-05-26 19:15:39,850 DEBUG   HandlerThread:8780 [handler.py:handle_request():144] handle_request: keepalive
2023-05-26 19:15:40,114 WARNING FileStreamThread:8780 [file_stream.py:request_with_retry():670] requests_with_retry encountered retryable exception: HTTPSConnectionPool(host='api.wandb.ai', port=443): Max retries exceeded with url: /files/mildredteam/TripletAttention/w1aqmesx/file_stream (Caused by SSLError(SSLEOFError(8, 'EOF occurred in violation of protocol (_ssl.c:1129)'))). func: <bound method Session.post of <requests.sessions.Session object at 0x0000022E2E430310>>, args: ('https://api.wandb.ai/files/mildredteam/TripletAttention/w1aqmesx/file_stream',), kwargs: {'json': {'files': {'wandb-events.jsonl': {'offset': 8, 'content': ['{"system.proc.memory.availableMB": 3702.22, "system.memory": 77.13, "system.proc.memory.rssMB": 860.81, "system.proc.memory.percent": 5.32, "system.cpu": 16.75, "system.cpu.0.cpu_percent": 7.81, "system.cpu.1.cpu_percent": 54.46, "system.cpu.2.cpu_percent": 11.94, "system.cpu.3.cpu_percent": 15.67, "system.cpu.4.cpu_percent": 17.87, "system.cpu.5.cpu_percent": 19.75, "system.cpu.6.cpu_percent": 29.85, "system.cpu.7.cpu_percent": 32.98, "system.proc.cpu.threads": 22, "system.disk": 86.0, "system.network.sent": 772998.27, "system.network.recv": 175729124.73, "_wandb": true, "_timestamp": 1685099639.045218, "_runtime": 318.513044}']}, 'output.log': {'offset': 361, 'content': ['2023-05-26T11:13:41.567955 Epoch: [0][110/196]\tTime 2.199 (2.191)\tData 0.000 (0.115)\tLoss 3.7552 (4.6360)\tPrec@1 13.281 (10.526)\tPrec@5 40.625 (30.641)\n', '2023-05-26T11:14:03.684825 Epoch: [0][120/196]\tTime 2.242 (2.194)\tData 0.008 (0.106)\tLoss 3.6839 (4.5600)\tPrec@1 18.750 (10.892)\tPrec@5 42.188 (31.347)\n', '2023-05-26T11:14:25.738667 Epoch: [0][130/196]\tTime 2.131 (2.192)\tData 0.000 (0.098)\tLoss 3.6702 (4.4858)\tPrec@1 15.234 (11.310)\tPrec@5 39.844 (32.136)\n']}}, 'dropped': 0}}
2023-05-26 19:15:44,892 DEBUG   HandlerThread:8780 [handler.py:handle_request():144] handle_request: keepalive
2023-05-26 19:15:49,954 DEBUG   HandlerThread:8780 [handler.py:handle_request():144] handle_request: keepalive
2023-05-26 19:15:54,966 DEBUG   HandlerThread:8780 [handler.py:handle_request():144] handle_request: keepalive
2023-05-26 19:16:00,006 DEBUG   HandlerThread:8780 [handler.py:handle_request():144] handle_request: keepalive
2023-05-26 19:16:05,052 DEBUG   HandlerThread:8780 [handler.py:handle_request():144] handle_request: keepalive
2023-05-26 19:16:10,078 DEBUG   HandlerThread:8780 [handler.py:handle_request():144] handle_request: keepalive
2023-05-26 19:16:15,119 DEBUG   HandlerThread:8780 [handler.py:handle_request():144] handle_request: keepalive
2023-05-26 19:16:20,179 DEBUG   HandlerThread:8780 [handler.py:handle_request():144] handle_request: keepalive
2023-05-26 19:16:25,221 DEBUG   HandlerThread:8780 [handler.py:handle_request():144] handle_request: keepalive
2023-05-26 19:16:30,269 DEBUG   HandlerThread:8780 [handler.py:handle_request():144] handle_request: keepalive
2023-05-26 19:16:35,305 DEBUG   HandlerThread:8780 [handler.py:handle_request():144] handle_request: keepalive
2023-05-26 19:16:40,328 DEBUG   HandlerThread:8780 [handler.py:handle_request():144] handle_request: keepalive
2023-05-26 19:16:45,365 DEBUG   HandlerThread:8780 [handler.py:handle_request():144] handle_request: keepalive
2023-05-26 19:16:50,389 DEBUG   HandlerThread:8780 [handler.py:handle_request():144] handle_request: keepalive
2023-05-26 19:16:54,878 DEBUG   SenderThread:8780 [sender.py:send():375] send: stats
2023-05-26 19:16:54,878 DEBUG   HandlerThread:8780 [handler.py:handle_request():144] handle_request: status_report
2023-05-26 19:16:54,878 DEBUG   SenderThread:8780 [sender.py:send():375] send: stats
2023-05-26 19:16:54,878 DEBUG   SenderThread:8780 [sender.py:send():375] send: stats
2023-05-26 19:16:54,878 DEBUG   SenderThread:8780 [sender.py:send():375] send: stats
2023-05-26 19:16:55,410 DEBUG   HandlerThread:8780 [handler.py:handle_request():144] handle_request: keepalive
2023-05-26 19:16:56,538 INFO    Thread-16 :8780 [dir_watcher.py:_on_file_modified():295] file/dir modified: D:\LessonProjects\Deep-Learning-Final\general\wandb\run-20230526_190840-w1aqmesx\files\output.log
2023-05-26 19:16:59,083 DEBUG   SenderThread:8780 [sender.py:send():375] send: stats
2023-05-26 19:17:00,096 DEBUG   HandlerThread:8780 [handler.py:handle_request():144] handle_request: status_report
2023-05-26 19:17:00,426 DEBUG   HandlerThread:8780 [handler.py:handle_request():144] handle_request: keepalive
2023-05-26 19:17:05,153 DEBUG   HandlerThread:8780 [handler.py:handle_request():144] handle_request: status_report
2023-05-26 19:17:05,476 DEBUG   HandlerThread:8780 [handler.py:handle_request():144] handle_request: keepalive
2023-05-26 19:17:07,746 INFO    Thread-16 :8780 [dir_watcher.py:_on_file_modified():295] file/dir modified: D:\LessonProjects\Deep-Learning-Final\general\wandb\run-20230526_190840-w1aqmesx\files\output.log
2023-05-26 19:17:08,750 INFO    Thread-16 :8780 [dir_watcher.py:_on_file_modified():295] file/dir modified: D:\LessonProjects\Deep-Learning-Final\general\wandb\run-20230526_190840-w1aqmesx\files\output.log
2023-05-26 19:17:10,523 DEBUG   HandlerThread:8780 [handler.py:handle_request():144] handle_request: keepalive
2023-05-26 19:17:10,790 DEBUG   HandlerThread:8780 [handler.py:handle_request():144] handle_request: status_report
2023-05-26 19:17:15,553 DEBUG   HandlerThread:8780 [handler.py:handle_request():144] handle_request: keepalive
2023-05-26 19:17:15,820 DEBUG   HandlerThread:8780 [handler.py:handle_request():144] handle_request: status_report
2023-05-26 19:17:20,579 DEBUG   HandlerThread:8780 [handler.py:handle_request():144] handle_request: keepalive
2023-05-26 19:17:20,846 DEBUG   HandlerThread:8780 [handler.py:handle_request():144] handle_request: status_report
2023-05-26 19:17:23,278 INFO    Thread-16 :8780 [dir_watcher.py:_on_file_modified():295] file/dir modified: D:\LessonProjects\Deep-Learning-Final\general\wandb\run-20230526_190840-w1aqmesx\files\output.log
2023-05-26 19:17:25,616 DEBUG   HandlerThread:8780 [handler.py:handle_request():144] handle_request: keepalive
2023-05-26 19:17:26,041 DEBUG   HandlerThread:8780 [handler.py:handle_request():144] handle_request: status_report
2023-05-26 19:17:29,096 DEBUG   SenderThread:8780 [sender.py:send():375] send: stats
2023-05-26 19:17:30,653 DEBUG   HandlerThread:8780 [handler.py:handle_request():144] handle_request: keepalive
2023-05-26 19:17:31,110 DEBUG   HandlerThread:8780 [handler.py:handle_request():144] handle_request: status_report
2023-05-26 19:17:34,706 INFO    Thread-16 :8780 [dir_watcher.py:_on_file_modified():295] file/dir modified: D:\LessonProjects\Deep-Learning-Final\general\wandb\run-20230526_190840-w1aqmesx\files\output.log
2023-05-26 19:17:35,681 DEBUG   HandlerThread:8780 [handler.py:handle_request():144] handle_request: keepalive
2023-05-26 19:17:36,769 DEBUG   HandlerThread:8780 [handler.py:handle_request():144] handle_request: status_report
2023-05-26 19:17:40,710 DEBUG   HandlerThread:8780 [handler.py:handle_request():144] handle_request: keepalive
2023-05-26 19:17:41,840 DEBUG   HandlerThread:8780 [handler.py:handle_request():144] handle_request: status_report
2023-05-26 19:17:44,984 INFO    Thread-16 :8780 [dir_watcher.py:_on_file_modified():295] file/dir modified: D:\LessonProjects\Deep-Learning-Final\general\wandb\run-20230526_190840-w1aqmesx\files\output.log
2023-05-26 19:17:45,734 DEBUG   HandlerThread:8780 [handler.py:handle_request():144] handle_request: keepalive
2023-05-26 19:17:47,537 DEBUG   HandlerThread:8780 [handler.py:handle_request():144] handle_request: status_report
2023-05-26 19:17:47,937 DEBUG   HandlerThread:8780 [handler.py:handle_request():144] handle_request: partial_history
2023-05-26 19:17:47,951 DEBUG   SenderThread:8780 [sender.py:send():375] send: history
2023-05-26 19:17:47,951 DEBUG   SenderThread:8780 [sender.py:send_request():402] send_request: summary_record
2023-05-26 19:17:47,951 INFO    SenderThread:8780 [sender.py:_save_file():1378] saving file wandb-summary.json with policy end
2023-05-26 19:17:48,033 INFO    Thread-16 :8780 [dir_watcher.py:_on_file_modified():295] file/dir modified: D:\LessonProjects\Deep-Learning-Final\general\wandb\run-20230526_190840-w1aqmesx\files\wandb-summary.json
2023-05-26 19:17:48,033 DEBUG   SenderThread:8780 [sender.py:send():375] send: telemetry
2023-05-26 19:17:48,050 DEBUG   SenderThread:8780 [sender.py:send():375] send: exit
2023-05-26 19:17:48,050 INFO    SenderThread:8780 [sender.py:send_exit():598] handling exit code: 1
2023-05-26 19:17:48,050 INFO    SenderThread:8780 [sender.py:send_exit():600] handling runtime: 529
2023-05-26 19:17:48,050 INFO    SenderThread:8780 [sender.py:_save_file():1378] saving file wandb-summary.json with policy end
2023-05-26 19:17:48,050 INFO    SenderThread:8780 [sender.py:send_exit():606] send defer
2023-05-26 19:17:48,050 DEBUG   HandlerThread:8780 [handler.py:handle_request():144] handle_request: defer
2023-05-26 19:17:48,050 INFO    HandlerThread:8780 [handler.py:handle_request_defer():170] handle defer: 0
2023-05-26 19:17:48,050 DEBUG   SenderThread:8780 [sender.py:send_request():402] send_request: defer
2023-05-26 19:17:48,050 INFO    SenderThread:8780 [sender.py:send_request_defer():622] handle sender defer: 0
2023-05-26 19:17:48,050 INFO    SenderThread:8780 [sender.py:transition_state():626] send defer: 1
2023-05-26 19:17:48,050 DEBUG   HandlerThread:8780 [handler.py:handle_request():144] handle_request: defer
2023-05-26 19:17:48,050 INFO    HandlerThread:8780 [handler.py:handle_request_defer():170] handle defer: 1
2023-05-26 19:17:48,050 DEBUG   SenderThread:8780 [sender.py:send_request():402] send_request: defer
2023-05-26 19:17:48,050 INFO    SenderThread:8780 [sender.py:send_request_defer():622] handle sender defer: 1
2023-05-26 19:17:48,050 INFO    SenderThread:8780 [sender.py:transition_state():626] send defer: 2
2023-05-26 19:17:48,050 DEBUG   HandlerThread:8780 [handler.py:handle_request():144] handle_request: defer
2023-05-26 19:17:48,050 INFO    HandlerThread:8780 [handler.py:handle_request_defer():170] handle defer: 2
2023-05-26 19:17:48,050 INFO    HandlerThread:8780 [system_monitor.py:finish():190] Stopping system monitor
2023-05-26 19:17:48,050 DEBUG   SystemMonitor:8780 [system_monitor.py:_start():166] Finished system metrics aggregation loop
2023-05-26 19:17:48,050 INFO    HandlerThread:8780 [interfaces.py:finish():202] Joined cpu monitor
2023-05-26 19:17:48,050 DEBUG   SystemMonitor:8780 [system_monitor.py:_start():170] Publishing last batch of metrics
2023-05-26 19:17:48,050 INFO    HandlerThread:8780 [interfaces.py:finish():202] Joined disk monitor
2023-05-26 19:17:48,050 INFO    HandlerThread:8780 [interfaces.py:finish():202] Joined memory monitor
2023-05-26 19:17:48,050 INFO    HandlerThread:8780 [interfaces.py:finish():202] Joined network monitor
2023-05-26 19:17:48,050 DEBUG   SenderThread:8780 [sender.py:send_request():402] send_request: defer
2023-05-26 19:17:48,050 INFO    SenderThread:8780 [sender.py:send_request_defer():622] handle sender defer: 2
2023-05-26 19:17:48,050 INFO    SenderThread:8780 [sender.py:transition_state():626] send defer: 3
2023-05-26 19:17:48,050 DEBUG   SenderThread:8780 [sender.py:send():375] send: stats
2023-05-26 19:17:48,050 DEBUG   HandlerThread:8780 [handler.py:handle_request():144] handle_request: defer
2023-05-26 19:17:48,050 INFO    HandlerThread:8780 [handler.py:handle_request_defer():170] handle defer: 3
2023-05-26 19:17:48,050 DEBUG   SenderThread:8780 [sender.py:send_request():402] send_request: defer
2023-05-26 19:17:48,050 INFO    SenderThread:8780 [sender.py:send_request_defer():622] handle sender defer: 3
2023-05-26 19:17:48,050 INFO    SenderThread:8780 [sender.py:transition_state():626] send defer: 4
2023-05-26 19:17:48,050 DEBUG   HandlerThread:8780 [handler.py:handle_request():144] handle_request: defer
2023-05-26 19:17:48,050 INFO    HandlerThread:8780 [handler.py:handle_request_defer():170] handle defer: 4
2023-05-26 19:17:48,050 DEBUG   SenderThread:8780 [sender.py:send_request():402] send_request: defer
2023-05-26 19:17:48,050 INFO    SenderThread:8780 [sender.py:send_request_defer():622] handle sender defer: 4
2023-05-26 19:17:48,058 INFO    SenderThread:8780 [sender.py:transition_state():626] send defer: 5
2023-05-26 19:17:48,058 DEBUG   HandlerThread:8780 [handler.py:handle_request():144] handle_request: defer
2023-05-26 19:17:48,058 INFO    HandlerThread:8780 [handler.py:handle_request_defer():170] handle defer: 5
2023-05-26 19:17:48,058 DEBUG   SenderThread:8780 [sender.py:send():375] send: summary
2023-05-26 19:17:48,059 INFO    SenderThread:8780 [sender.py:_save_file():1378] saving file wandb-summary.json with policy end
2023-05-26 19:17:48,059 DEBUG   SenderThread:8780 [sender.py:send_request():402] send_request: defer
2023-05-26 19:17:48,059 INFO    SenderThread:8780 [sender.py:send_request_defer():622] handle sender defer: 5
2023-05-26 19:17:48,059 INFO    SenderThread:8780 [sender.py:transition_state():626] send defer: 6
2023-05-26 19:17:48,059 DEBUG   HandlerThread:8780 [handler.py:handle_request():144] handle_request: defer
2023-05-26 19:17:48,059 INFO    HandlerThread:8780 [handler.py:handle_request_defer():170] handle defer: 6
2023-05-26 19:17:48,059 DEBUG   SenderThread:8780 [sender.py:send_request():402] send_request: defer
2023-05-26 19:17:48,059 INFO    SenderThread:8780 [sender.py:send_request_defer():622] handle sender defer: 6
2023-05-26 19:17:48,059 DEBUG   HandlerThread:8780 [handler.py:handle_request():144] handle_request: status_report
2023-05-26 19:17:48,436 INFO    SenderThread:8780 [sender.py:transition_state():626] send defer: 7
2023-05-26 19:17:48,436 DEBUG   HandlerThread:8780 [handler.py:handle_request():144] handle_request: defer
2023-05-26 19:17:48,436 INFO    HandlerThread:8780 [handler.py:handle_request_defer():170] handle defer: 7
2023-05-26 19:17:48,436 DEBUG   SenderThread:8780 [sender.py:send_request():402] send_request: defer
2023-05-26 19:17:48,436 INFO    SenderThread:8780 [sender.py:send_request_defer():622] handle sender defer: 7
2023-05-26 19:17:49,036 INFO    Thread-16 :8780 [dir_watcher.py:_on_file_modified():295] file/dir modified: D:\LessonProjects\Deep-Learning-Final\general\wandb\run-20230526_190840-w1aqmesx\files\wandb-summary.json
2023-05-26 19:17:49,036 INFO    Thread-16 :8780 [dir_watcher.py:_on_file_modified():295] file/dir modified: D:\LessonProjects\Deep-Learning-Final\general\wandb\run-20230526_190840-w1aqmesx\files\output.log
2023-05-26 19:17:49,036 INFO    Thread-16 :8780 [dir_watcher.py:_on_file_modified():295] file/dir modified: D:\LessonProjects\Deep-Learning-Final\general\wandb\run-20230526_190840-w1aqmesx\files\config.yaml
2023-05-26 19:17:49,038 INFO    Thread-16 :8780 [dir_watcher.py:_on_file_created():278] file/dir created: D:\LessonProjects\Deep-Learning-Final\general\wandb\run-20230526_190840-w1aqmesx\files\checkpoints
2023-05-26 19:17:49,067 DEBUG   HandlerThread:8780 [handler.py:handle_request():144] handle_request: poll_exit
2023-05-26 19:17:50,042 INFO    Thread-16 :8780 [dir_watcher.py:_on_file_modified():295] file/dir modified: D:\LessonProjects\Deep-Learning-Final\general\wandb\run-20230526_190840-w1aqmesx\files\output.log
2023-05-26 19:17:50,809 INFO    SenderThread:8780 [sender.py:transition_state():626] send defer: 8
2023-05-26 19:17:50,809 DEBUG   SenderThread:8780 [sender.py:send_request():402] send_request: poll_exit
2023-05-26 19:17:50,809 DEBUG   HandlerThread:8780 [handler.py:handle_request():144] handle_request: defer
2023-05-26 19:17:50,809 INFO    HandlerThread:8780 [handler.py:handle_request_defer():170] handle defer: 8
2023-05-26 19:17:50,809 DEBUG   SenderThread:8780 [sender.py:send_request():402] send_request: defer
2023-05-26 19:17:50,809 INFO    SenderThread:8780 [sender.py:send_request_defer():622] handle sender defer: 8
2023-05-26 19:17:50,833 INFO    SenderThread:8780 [sender.py:transition_state():626] send defer: 9
2023-05-26 19:17:50,833 DEBUG   HandlerThread:8780 [handler.py:handle_request():144] handle_request: defer
2023-05-26 19:17:50,833 DEBUG   SenderThread:8780 [sender.py:send():375] send: artifact
2023-05-26 19:17:50,833 INFO    HandlerThread:8780 [handler.py:handle_request_defer():170] handle defer: 9
2023-05-26 19:17:51,045 INFO    Thread-16 :8780 [dir_watcher.py:_on_file_modified():295] file/dir modified: D:\LessonProjects\Deep-Learning-Final\general\wandb\run-20230526_190840-w1aqmesx\files\output.log
2023-05-26 19:17:53,257 INFO    wandb-upload_1:8780 [upload_job.py:push():95] Uploaded file C:\Users\11955\AppData\Local\wandb\wandb\artifacts\staging\tmpeuh0ona_
2023-05-26 19:17:53,257 INFO    wandb-upload_0:8780 [upload_job.py:push():95] Uploaded file C:\Users\11955\AppData\Local\wandb\wandb\artifacts\staging\tmptiyfml7n
2023-05-26 19:17:54,086 DEBUG   HandlerThread:8780 [handler.py:handle_request():144] handle_request: keepalive
2023-05-26 19:17:55,245 INFO    SenderThread:8780 [sender.py:send_artifact():1474] sent artifact job-https___github.com_Myrrolinz_Deep-Learning-Final.git_general_train.py - {'id': 'QXJ0aWZhY3Q6NDY3MTAyNDk5', 'digest': 'acee35b35d1b1faf51a0712df10b12a0', 'state': 'PENDING', 'aliases': [], 'artifactSequence': {'id': 'QXJ0aWZhY3RDb2xsZWN0aW9uOjcyMTUwMTE4', 'latestArtifact': None}, 'version': 'latest'}
2023-05-26 19:17:55,245 DEBUG   SenderThread:8780 [sender.py:send_request():402] send_request: defer
2023-05-26 19:17:55,245 DEBUG   HandlerThread:8780 [handler.py:handle_request():144] handle_request: status_report
2023-05-26 19:17:55,245 INFO    SenderThread:8780 [sender.py:send_request_defer():622] handle sender defer: 9
2023-05-26 19:17:55,245 INFO    SenderThread:8780 [dir_watcher.py:finish():365] shutting down directory watcher
2023-05-26 19:17:56,084 INFO    SenderThread:8780 [dir_watcher.py:finish():395] scan: D:\LessonProjects\Deep-Learning-Final\general\wandb\run-20230526_190840-w1aqmesx\files
2023-05-26 19:17:56,084 INFO    SenderThread:8780 [dir_watcher.py:finish():409] scan save: D:\LessonProjects\Deep-Learning-Final\general\wandb\run-20230526_190840-w1aqmesx\files\config.yaml config.yaml
2023-05-26 19:17:56,084 INFO    SenderThread:8780 [dir_watcher.py:finish():409] scan save: D:\LessonProjects\Deep-Learning-Final\general\wandb\run-20230526_190840-w1aqmesx\files\output.log output.log
2023-05-26 19:17:56,084 INFO    SenderThread:8780 [dir_watcher.py:finish():409] scan save: D:\LessonProjects\Deep-Learning-Final\general\wandb\run-20230526_190840-w1aqmesx\files\requirements.txt requirements.txt
2023-05-26 19:17:56,084 INFO    SenderThread:8780 [dir_watcher.py:finish():409] scan save: D:\LessonProjects\Deep-Learning-Final\general\wandb\run-20230526_190840-w1aqmesx\files\wandb-metadata.json wandb-metadata.json
2023-05-26 19:17:56,084 INFO    SenderThread:8780 [dir_watcher.py:finish():409] scan save: D:\LessonProjects\Deep-Learning-Final\general\wandb\run-20230526_190840-w1aqmesx\files\wandb-summary.json wandb-summary.json
2023-05-26 19:17:56,084 INFO    SenderThread:8780 [sender.py:transition_state():626] send defer: 10
2023-05-26 19:17:56,084 DEBUG   HandlerThread:8780 [handler.py:handle_request():144] handle_request: defer
2023-05-26 19:17:56,084 INFO    HandlerThread:8780 [handler.py:handle_request_defer():170] handle defer: 10
2023-05-26 19:17:56,098 DEBUG   SenderThread:8780 [sender.py:send_request():402] send_request: defer
2023-05-26 19:17:56,098 INFO    SenderThread:8780 [sender.py:send_request_defer():622] handle sender defer: 10
2023-05-26 19:17:56,098 INFO    SenderThread:8780 [file_pusher.py:finish():167] shutting down file pusher
2023-05-26 19:17:56,875 INFO    wandb-upload_0:8780 [upload_job.py:push():137] Uploaded file D:\LessonProjects\Deep-Learning-Final\general\wandb\run-20230526_190840-w1aqmesx\files\output.log
2023-05-26 19:17:56,920 INFO    wandb-upload_1:8780 [upload_job.py:push():137] Uploaded file D:\LessonProjects\Deep-Learning-Final\general\wandb\run-20230526_190840-w1aqmesx\files\config.yaml
2023-05-26 19:17:57,016 INFO    wandb-upload_3:8780 [upload_job.py:push():137] Uploaded file D:\LessonProjects\Deep-Learning-Final\general\wandb\run-20230526_190840-w1aqmesx\files\wandb-summary.json
2023-05-26 19:17:57,048 INFO    wandb-upload_2:8780 [upload_job.py:push():137] Uploaded file D:\LessonProjects\Deep-Learning-Final\general\wandb\run-20230526_190840-w1aqmesx\files\requirements.txt
2023-05-26 19:17:57,271 INFO    Thread-15 :8780 [sender.py:transition_state():626] send defer: 11
2023-05-26 19:17:57,273 DEBUG   HandlerThread:8780 [handler.py:handle_request():144] handle_request: defer
2023-05-26 19:17:57,274 INFO    HandlerThread:8780 [handler.py:handle_request_defer():170] handle defer: 11
2023-05-26 19:17:57,274 DEBUG   SenderThread:8780 [sender.py:send_request():402] send_request: defer
2023-05-26 19:17:57,274 INFO    SenderThread:8780 [sender.py:send_request_defer():622] handle sender defer: 11
2023-05-26 19:17:57,274 INFO    SenderThread:8780 [file_pusher.py:join():172] waiting for file pusher
2023-05-26 19:17:57,274 INFO    SenderThread:8780 [sender.py:transition_state():626] send defer: 12
2023-05-26 19:17:57,274 DEBUG   HandlerThread:8780 [handler.py:handle_request():144] handle_request: defer
2023-05-26 19:17:57,274 INFO    HandlerThread:8780 [handler.py:handle_request_defer():170] handle defer: 12
2023-05-26 19:17:57,274 DEBUG   SenderThread:8780 [sender.py:send_request():402] send_request: defer
2023-05-26 19:17:57,274 INFO    SenderThread:8780 [sender.py:send_request_defer():622] handle sender defer: 12
2023-05-26 19:17:58,258 INFO    SenderThread:8780 [sender.py:transition_state():626] send defer: 13
2023-05-26 19:17:58,258 DEBUG   HandlerThread:8780 [handler.py:handle_request():144] handle_request: defer
2023-05-26 19:17:58,258 INFO    HandlerThread:8780 [handler.py:handle_request_defer():170] handle defer: 13
2023-05-26 19:17:58,258 DEBUG   SenderThread:8780 [sender.py:send_request():402] send_request: defer
2023-05-26 19:17:58,258 INFO    SenderThread:8780 [sender.py:send_request_defer():622] handle sender defer: 13
2023-05-26 19:17:58,258 INFO    SenderThread:8780 [sender.py:transition_state():626] send defer: 14
2023-05-26 19:17:58,258 DEBUG   HandlerThread:8780 [handler.py:handle_request():144] handle_request: defer
2023-05-26 19:17:58,266 DEBUG   SenderThread:8780 [sender.py:send():375] send: final
2023-05-26 19:17:58,266 INFO    HandlerThread:8780 [handler.py:handle_request_defer():170] handle defer: 14
2023-05-26 19:17:58,266 DEBUG   SenderThread:8780 [sender.py:send():375] send: footer
2023-05-26 19:17:58,266 DEBUG   SenderThread:8780 [sender.py:send_request():402] send_request: defer
2023-05-26 19:17:58,266 INFO    SenderThread:8780 [sender.py:send_request_defer():622] handle sender defer: 14
2023-05-26 19:17:58,266 DEBUG   HandlerThread:8780 [handler.py:handle_request():144] handle_request: poll_exit
2023-05-26 19:17:58,266 DEBUG   HandlerThread:8780 [handler.py:handle_request():144] handle_request: server_info
2023-05-26 19:17:58,266 DEBUG   HandlerThread:8780 [handler.py:handle_request():144] handle_request: get_summary
2023-05-26 19:17:58,266 DEBUG   HandlerThread:8780 [handler.py:handle_request():144] handle_request: sampled_history
2023-05-26 19:17:58,266 DEBUG   SenderThread:8780 [sender.py:send_request():402] send_request: poll_exit
2023-05-26 19:17:58,266 DEBUG   SenderThread:8780 [sender.py:send_request():402] send_request: server_info
2023-05-26 19:17:58,569 INFO    MainThread:8780 [wandb_run.py:_footer_history_summary_info():3469] rendering history
2023-05-26 19:17:58,569 INFO    MainThread:8780 [wandb_run.py:_footer_history_summary_info():3501] rendering summary
2023-05-26 19:17:58,569 INFO    MainThread:8780 [wandb_run.py:_footer_sync_info():3428] logging synced files
2023-05-26 19:17:58,578 DEBUG   HandlerThread:8780 [handler.py:handle_request():144] handle_request: shutdown
2023-05-26 19:17:58,578 INFO    HandlerThread:8780 [handler.py:finish():842] shutting down handler
2023-05-26 19:17:59,275 INFO    WriterThread:8780 [datastore.py:close():298] close: D:\LessonProjects\Deep-Learning-Final\general\wandb\run-20230526_190840-w1aqmesx\run-w1aqmesx.wandb
2023-05-26 19:17:59,570 INFO    SenderThread:8780 [sender.py:finish():1550] shutting down sender
2023-05-26 19:17:59,570 INFO    SenderThread:8780 [file_pusher.py:finish():167] shutting down file pusher
2023-05-26 19:17:59,570 INFO    SenderThread:8780 [file_pusher.py:join():172] waiting for file pusher
