2023-05-26 19:32:27,911 INFO    StreamThr :25572 [internal.py:wandb_internal():86] W&B internal server running at pid: 25572, started at: 2023-05-26 19:32:27.906014
2023-05-26 19:32:27,911 DEBUG   HandlerThread:25572 [handler.py:handle_request():144] handle_request: status
2023-05-26 19:32:27,911 INFO    WriterThread:25572 [datastore.py:open_for_write():85] open: D:\LessonProjects\Deep-Learning-Final\wandb\run-20230526_193227-dj3es7ev\run-dj3es7ev.wandb
2023-05-26 19:32:27,916 DEBUG   SenderThread:25572 [sender.py:send():375] send: header
2023-05-26 19:32:27,974 DEBUG   SenderThread:25572 [sender.py:send():375] send: run
2023-05-26 19:32:31,540 INFO    SenderThread:25572 [retry.py:__call__():172] Retry attempt failed:
Traceback (most recent call last):
  File "D:\Python39\lib\site-packages\urllib3\connectionpool.py", line 700, in urlopen
    self._prepare_proxy(conn)
  File "D:\Python39\lib\site-packages\urllib3\connectionpool.py", line 996, in _prepare_proxy
    conn.connect()
  File "D:\Python39\lib\site-packages\urllib3\connection.py", line 364, in connect
    self.sock = conn = self._connect_tls_proxy(hostname, conn)
  File "D:\Python39\lib\site-packages\urllib3\connection.py", line 499, in _connect_tls_proxy
    socket = ssl_wrap_socket(
  File "D:\Python39\lib\site-packages\urllib3\util\ssl_.py", line 453, in ssl_wrap_socket
    ssl_sock = _ssl_wrap_socket_impl(sock, context, tls_in_tls)
  File "D:\Python39\lib\site-packages\urllib3\util\ssl_.py", line 495, in _ssl_wrap_socket_impl
    return ssl_context.wrap_socket(sock)
  File "D:\Python39\lib\ssl.py", line 500, in wrap_socket
    return self.sslsocket_class._create(
  File "D:\Python39\lib\ssl.py", line 1040, in _create
    self.do_handshake()
  File "D:\Python39\lib\ssl.py", line 1309, in do_handshake
    self._sslobj.do_handshake()
ssl.SSLEOFError: EOF occurred in violation of protocol (_ssl.c:1129)

During handling of the above exception, another exception occurred:

Traceback (most recent call last):
  File "D:\Python39\lib\site-packages\requests\adapters.py", line 489, in send
    resp = conn.urlopen(
  File "D:\Python39\lib\site-packages\urllib3\connectionpool.py", line 787, in urlopen
    retries = retries.increment(
  File "D:\Python39\lib\site-packages\urllib3\util\retry.py", line 592, in increment
    raise MaxRetryError(_pool, url, error or ResponseError(cause))
urllib3.exceptions.MaxRetryError: HTTPSConnectionPool(host='api.wandb.ai', port=443): Max retries exceeded with url: /graphql (Caused by SSLError(SSLEOFError(8, 'EOF occurred in violation of protocol (_ssl.c:1129)')))

During handling of the above exception, another exception occurred:

Traceback (most recent call last):
  File "D:\Python39\lib\site-packages\wandb\sdk\lib\retry.py", line 131, in __call__
    result = self._call_fn(*args, **kwargs)
  File "D:\Python39\lib\site-packages\wandb\sdk\internal\internal_api.py", line 285, in execute
    return self.client.execute(*args, **kwargs)  # type: ignore
  File "D:\Python39\lib\site-packages\wandb\vendor\gql-0.2.0\wandb_gql\client.py", line 52, in execute
    result = self._get_result(document, *args, **kwargs)
  File "D:\Python39\lib\site-packages\wandb\vendor\gql-0.2.0\wandb_gql\client.py", line 60, in _get_result
    return self.transport.execute(document, *args, **kwargs)
  File "D:\Python39\lib\site-packages\wandb\sdk\lib\gql_request.py", line 55, in execute
    request = self.session.post(self.url, **post_args)
  File "D:\Python39\lib\site-packages\requests\sessions.py", line 635, in post
    return self.request("POST", url, data=data, json=json, **kwargs)
  File "D:\Python39\lib\site-packages\requests\sessions.py", line 587, in request
    resp = self.send(prep, **send_kwargs)
  File "D:\Python39\lib\site-packages\requests\sessions.py", line 701, in send
    r = adapter.send(request, **kwargs)
  File "D:\Python39\lib\site-packages\requests\adapters.py", line 563, in send
    raise SSLError(e, request=request)
requests.exceptions.SSLError: HTTPSConnectionPool(host='api.wandb.ai', port=443): Max retries exceeded with url: /graphql (Caused by SSLError(SSLEOFError(8, 'EOF occurred in violation of protocol (_ssl.c:1129)')))
2023-05-26 19:32:33,023 DEBUG   HandlerThread:25572 [handler.py:handle_request():144] handle_request: keepalive
2023-05-26 19:32:36,978 INFO    SenderThread:25572 [dir_watcher.py:__init__():219] watching files in: D:\LessonProjects\Deep-Learning-Final\wandb\run-20230526_193227-dj3es7ev\files
2023-05-26 19:32:36,978 INFO    SenderThread:25572 [sender.py:_start_run_threads():1124] run started: dj3es7ev with start time 1685100747.906013
2023-05-26 19:32:36,979 DEBUG   SenderThread:25572 [sender.py:send_request():402] send_request: summary_record
2023-05-26 19:32:36,979 DEBUG   HandlerThread:25572 [handler.py:handle_request():144] handle_request: status_report
2023-05-26 19:32:36,979 DEBUG   HandlerThread:25572 [handler.py:handle_request():144] handle_request: check_version
2023-05-26 19:32:36,979 INFO    SenderThread:25572 [sender.py:_save_file():1378] saving file wandb-summary.json with policy end
2023-05-26 19:32:36,987 DEBUG   SenderThread:25572 [sender.py:send_request():402] send_request: check_version
2023-05-26 19:32:37,402 DEBUG   HandlerThread:25572 [handler.py:handle_request():144] handle_request: run_start
2023-05-26 19:32:37,446 DEBUG   HandlerThread:25572 [system_info.py:__init__():31] System info init
2023-05-26 19:32:37,446 DEBUG   HandlerThread:25572 [system_info.py:__init__():46] System info init done
2023-05-26 19:32:37,446 INFO    HandlerThread:25572 [system_monitor.py:start():181] Starting system monitor
2023-05-26 19:32:37,446 INFO    SystemMonitor:25572 [system_monitor.py:_start():145] Starting system asset monitoring threads
2023-05-26 19:32:37,446 INFO    HandlerThread:25572 [system_monitor.py:probe():201] Collecting system info
2023-05-26 19:32:37,461 INFO    SystemMonitor:25572 [interfaces.py:start():190] Started cpu monitoring
2023-05-26 19:32:37,466 DEBUG   HandlerThread:25572 [system_info.py:probe():195] Probing system
2023-05-26 19:32:37,466 INFO    SystemMonitor:25572 [interfaces.py:start():190] Started disk monitoring
2023-05-26 19:32:37,466 INFO    SystemMonitor:25572 [interfaces.py:start():190] Started memory monitoring
2023-05-26 19:32:37,522 INFO    SystemMonitor:25572 [interfaces.py:start():190] Started network monitoring
2023-05-26 19:32:37,522 DEBUG   HandlerThread:25572 [system_info.py:_probe_git():180] Probing git
2023-05-26 19:32:37,686 DEBUG   HandlerThread:25572 [system_info.py:_probe_git():188] Probing git done
2023-05-26 19:32:37,686 DEBUG   HandlerThread:25572 [system_info.py:probe():240] Probing system done
2023-05-26 19:32:37,687 DEBUG   HandlerThread:25572 [system_monitor.py:probe():210] {'os': 'Windows-10-10.0.22621-SP0', 'python': '3.9.10', 'heartbeatAt': '2023-05-26T11:32:37.466203', 'startedAt': '2023-05-26T11:32:27.887216', 'docker': None, 'cuda': None, 'args': (), 'state': 'running', 'program': 'd:\\LessonProjects\\Deep-Learning-Final\\train.py', 'codePath': 'train.py', 'git': {'remote': 'https://github.com/Myrrolinz/Deep-Learning-Final.git', 'commit': '052fa1e34fc8672876ded5403f88a5a18f7b151a'}, 'email': '70125231+Myrrolinz@users.noreply.github.com', 'root': 'D:/LessonProjects/Deep-Learning-Final', 'host': 'Myrrolinz', 'username': '11955', 'executable': 'D:\\Python39\\python.exe', 'cpu_count': 4, 'cpu_count_logical': 8, 'cpu_freq': {'current': 1209.0, 'min': 0.0, 'max': 2419.0}, 'cpu_freq_per_core': [{'current': 1209.0, 'min': 0.0, 'max': 2419.0}], 'disk': {'total': 237.83983993530273, 'used': 204.5898208618164}, 'memory': {'total': 15.800102233886719}}
2023-05-26 19:32:37,687 INFO    HandlerThread:25572 [system_monitor.py:probe():211] Finished collecting system info
2023-05-26 19:32:37,687 INFO    HandlerThread:25572 [system_monitor.py:probe():214] Publishing system info
2023-05-26 19:32:37,687 DEBUG   HandlerThread:25572 [system_info.py:_save_pip():51] Saving list of pip packages installed into the current environment
2023-05-26 19:32:37,687 DEBUG   HandlerThread:25572 [system_info.py:_save_pip():67] Saving pip packages done
2023-05-26 19:32:37,687 INFO    HandlerThread:25572 [system_monitor.py:probe():216] Finished publishing system info
2023-05-26 19:32:37,717 DEBUG   SenderThread:25572 [sender.py:send():375] send: files
2023-05-26 19:32:37,717 INFO    SenderThread:25572 [sender.py:_save_file():1378] saving file wandb-metadata.json with policy now
2023-05-26 19:32:37,742 DEBUG   HandlerThread:25572 [handler.py:handle_request():144] handle_request: stop_status
2023-05-26 19:32:37,742 DEBUG   SenderThread:25572 [sender.py:send_request():402] send_request: stop_status
2023-05-26 19:32:37,992 INFO    Thread-16 :25572 [dir_watcher.py:_on_file_created():278] file/dir created: D:\LessonProjects\Deep-Learning-Final\wandb\run-20230526_193227-dj3es7ev\files\wandb-summary.json
2023-05-26 19:32:37,992 INFO    Thread-16 :25572 [dir_watcher.py:_on_file_created():278] file/dir created: D:\LessonProjects\Deep-Learning-Final\wandb\run-20230526_193227-dj3es7ev\files\wandb-metadata.json
2023-05-26 19:32:37,992 INFO    Thread-16 :25572 [dir_watcher.py:_on_file_created():278] file/dir created: D:\LessonProjects\Deep-Learning-Final\wandb\run-20230526_193227-dj3es7ev\files\requirements.txt
2023-05-26 19:32:38,166 DEBUG   SenderThread:25572 [sender.py:send():375] send: telemetry
2023-05-26 19:32:38,614 INFO    wandb-upload_0:25572 [upload_job.py:push():137] Uploaded file C:\Users\11955\AppData\Local\Temp\tmpdpyn1nbhwandb\9cg4pv8g-wandb-metadata.json
2023-05-26 19:32:38,997 INFO    Thread-16 :25572 [dir_watcher.py:_on_file_created():278] file/dir created: D:\LessonProjects\Deep-Learning-Final\wandb\run-20230526_193227-dj3es7ev\files\output.log
2023-05-26 19:32:41,009 INFO    Thread-16 :25572 [dir_watcher.py:_on_file_modified():295] file/dir modified: D:\LessonProjects\Deep-Learning-Final\wandb\run-20230526_193227-dj3es7ev\files\output.log
2023-05-26 19:32:41,814 DEBUG   SenderThread:25572 [sender.py:send():375] send: telemetry
2023-05-26 19:32:41,854 DEBUG   HandlerThread:25572 [handler.py:handle_request():144] handle_request: partial_history
2023-05-26 19:32:41,854 DEBUG   HandlerThread:25572 [handler.py:handle_request():144] handle_request: partial_history
2023-05-26 19:32:41,854 DEBUG   SenderThread:25572 [sender.py:send():375] send: history
2023-05-26 19:32:41,854 DEBUG   SenderThread:25572 [sender.py:send_request():402] send_request: summary_record
2023-05-26 19:32:41,854 INFO    SenderThread:25572 [sender.py:_save_file():1378] saving file wandb-summary.json with policy end
2023-05-26 19:32:41,854 DEBUG   SenderThread:25572 [sender.py:send():375] send: history
2023-05-26 19:32:41,854 DEBUG   SenderThread:25572 [sender.py:send_request():402] send_request: summary_record
2023-05-26 19:32:41,854 INFO    SenderThread:25572 [sender.py:_save_file():1378] saving file wandb-summary.json with policy end
2023-05-26 19:32:42,016 INFO    Thread-16 :25572 [dir_watcher.py:_on_file_modified():295] file/dir modified: D:\LessonProjects\Deep-Learning-Final\wandb\run-20230526_193227-dj3es7ev\files\wandb-summary.json
2023-05-26 19:32:42,869 DEBUG   HandlerThread:25572 [handler.py:handle_request():144] handle_request: status_report
2023-05-26 19:32:43,021 INFO    Thread-16 :25572 [dir_watcher.py:_on_file_modified():295] file/dir modified: D:\LessonProjects\Deep-Learning-Final\wandb\run-20230526_193227-dj3es7ev\files\output.log
2023-05-26 19:32:47,905 DEBUG   HandlerThread:25572 [handler.py:handle_request():144] handle_request: status_report
2023-05-26 19:32:52,854 DEBUG   HandlerThread:25572 [handler.py:handle_request():144] handle_request: stop_status
2023-05-26 19:32:52,854 DEBUG   SenderThread:25572 [sender.py:send_request():402] send_request: stop_status
2023-05-26 19:32:53,129 DEBUG   HandlerThread:25572 [handler.py:handle_request():144] handle_request: status_report
2023-05-26 19:32:58,169 DEBUG   HandlerThread:25572 [handler.py:handle_request():144] handle_request: status_report
2023-05-26 19:32:59,160 INFO    Thread-16 :25572 [dir_watcher.py:_on_file_modified():295] file/dir modified: D:\LessonProjects\Deep-Learning-Final\wandb\run-20230526_193227-dj3es7ev\files\config.yaml
2023-05-26 19:33:03,509 DEBUG   HandlerThread:25572 [handler.py:handle_request():144] handle_request: status_report
2023-05-26 19:33:07,213 INFO    Thread-16 :25572 [dir_watcher.py:_on_file_modified():295] file/dir modified: D:\LessonProjects\Deep-Learning-Final\wandb\run-20230526_193227-dj3es7ev\files\output.log
2023-05-26 19:33:07,862 DEBUG   HandlerThread:25572 [handler.py:handle_request():144] handle_request: stop_status
2023-05-26 19:33:07,863 DEBUG   SenderThread:25572 [sender.py:send_request():402] send_request: stop_status
2023-05-26 19:33:09,112 DEBUG   HandlerThread:25572 [handler.py:handle_request():144] handle_request: status_report
2023-05-26 19:33:14,177 DEBUG   HandlerThread:25572 [handler.py:handle_request():144] handle_request: status_report
2023-05-26 19:33:19,223 DEBUG   HandlerThread:25572 [handler.py:handle_request():144] handle_request: status_report
2023-05-26 19:33:22,878 DEBUG   HandlerThread:25572 [handler.py:handle_request():144] handle_request: stop_status
2023-05-26 19:33:22,878 DEBUG   SenderThread:25572 [sender.py:send_request():402] send_request: stop_status
2023-05-26 19:33:25,152 DEBUG   HandlerThread:25572 [handler.py:handle_request():144] handle_request: status_report
2023-05-26 19:33:30,192 DEBUG   HandlerThread:25572 [handler.py:handle_request():144] handle_request: status_report
2023-05-26 19:33:35,226 DEBUG   HandlerThread:25572 [handler.py:handle_request():144] handle_request: status_report
2023-05-26 19:33:37,547 DEBUG   SystemMonitor:25572 [system_monitor.py:_start():159] Starting system metrics aggregation loop
2023-05-26 19:33:37,547 DEBUG   SenderThread:25572 [sender.py:send():375] send: stats
2023-05-26 19:33:37,904 DEBUG   HandlerThread:25572 [handler.py:handle_request():144] handle_request: stop_status
2023-05-26 19:33:37,904 DEBUG   SenderThread:25572 [sender.py:send_request():402] send_request: stop_status
2023-05-26 19:33:41,228 DEBUG   HandlerThread:25572 [handler.py:handle_request():144] handle_request: status_report
2023-05-26 19:33:46,274 DEBUG   HandlerThread:25572 [handler.py:handle_request():144] handle_request: status_report
2023-05-26 19:33:51,457 DEBUG   HandlerThread:25572 [handler.py:handle_request():144] handle_request: status_report
2023-05-26 19:33:52,912 DEBUG   HandlerThread:25572 [handler.py:handle_request():144] handle_request: stop_status
2023-05-26 19:33:52,912 DEBUG   SenderThread:25572 [sender.py:send_request():402] send_request: stop_status
2023-05-26 19:33:57,391 DEBUG   HandlerThread:25572 [handler.py:handle_request():144] handle_request: status_report
2023-05-26 19:34:02,443 DEBUG   HandlerThread:25572 [handler.py:handle_request():144] handle_request: status_report
2023-05-26 19:34:07,469 DEBUG   HandlerThread:25572 [handler.py:handle_request():144] handle_request: status_report
2023-05-26 19:34:07,564 DEBUG   SenderThread:25572 [sender.py:send():375] send: stats
2023-05-26 19:34:07,911 DEBUG   HandlerThread:25572 [handler.py:handle_request():144] handle_request: stop_status
2023-05-26 19:34:07,911 DEBUG   SenderThread:25572 [sender.py:send_request():402] send_request: stop_status
2023-05-26 19:34:13,240 DEBUG   HandlerThread:25572 [handler.py:handle_request():144] handle_request: status_report
2023-05-26 19:34:18,285 DEBUG   HandlerThread:25572 [handler.py:handle_request():144] handle_request: status_report
2023-05-26 19:34:22,926 DEBUG   HandlerThread:25572 [handler.py:handle_request():144] handle_request: stop_status
2023-05-26 19:34:22,927 DEBUG   SenderThread:25572 [sender.py:send_request():402] send_request: stop_status
2023-05-26 19:34:23,362 DEBUG   HandlerThread:25572 [handler.py:handle_request():144] handle_request: status_report
2023-05-26 19:34:28,404 DEBUG   HandlerThread:25572 [handler.py:handle_request():144] handle_request: status_report
2023-05-26 19:34:33,442 DEBUG   HandlerThread:25572 [handler.py:handle_request():144] handle_request: status_report
2023-05-26 19:34:37,586 DEBUG   SenderThread:25572 [sender.py:send():375] send: stats
2023-05-26 19:34:37,945 DEBUG   HandlerThread:25572 [handler.py:handle_request():144] handle_request: stop_status
2023-05-26 19:34:37,947 DEBUG   SenderThread:25572 [sender.py:send_request():402] send_request: stop_status
2023-05-26 19:34:39,227 DEBUG   HandlerThread:25572 [handler.py:handle_request():144] handle_request: status_report
2023-05-26 19:34:44,284 DEBUG   HandlerThread:25572 [handler.py:handle_request():144] handle_request: status_report
2023-05-26 19:34:49,315 DEBUG   HandlerThread:25572 [handler.py:handle_request():144] handle_request: status_report
2023-05-26 19:34:52,965 DEBUG   HandlerThread:25572 [handler.py:handle_request():144] handle_request: stop_status
2023-05-26 19:34:52,966 DEBUG   SenderThread:25572 [sender.py:send_request():402] send_request: stop_status
2023-05-26 19:34:55,237 DEBUG   HandlerThread:25572 [handler.py:handle_request():144] handle_request: status_report
2023-05-26 19:35:00,266 DEBUG   HandlerThread:25572 [handler.py:handle_request():144] handle_request: status_report
2023-05-26 19:35:05,289 DEBUG   HandlerThread:25572 [handler.py:handle_request():144] handle_request: status_report
2023-05-26 19:35:07,606 DEBUG   SenderThread:25572 [sender.py:send():375] send: stats
2023-05-26 19:35:07,965 DEBUG   HandlerThread:25572 [handler.py:handle_request():144] handle_request: stop_status
2023-05-26 19:35:07,966 DEBUG   SenderThread:25572 [sender.py:send_request():402] send_request: stop_status
2023-05-26 19:35:11,274 DEBUG   HandlerThread:25572 [handler.py:handle_request():144] handle_request: status_report
2023-05-26 19:35:16,394 DEBUG   HandlerThread:25572 [handler.py:handle_request():144] handle_request: status_report
2023-05-26 19:35:21,435 DEBUG   HandlerThread:25572 [handler.py:handle_request():144] handle_request: status_report
2023-05-26 19:35:22,971 DEBUG   HandlerThread:25572 [handler.py:handle_request():144] handle_request: stop_status
2023-05-26 19:35:22,971 DEBUG   SenderThread:25572 [sender.py:send_request():402] send_request: stop_status
2023-05-26 19:35:27,256 DEBUG   HandlerThread:25572 [handler.py:handle_request():144] handle_request: status_report
2023-05-26 19:35:29,683 INFO    Thread-16 :25572 [dir_watcher.py:_on_file_modified():295] file/dir modified: D:\LessonProjects\Deep-Learning-Final\wandb\run-20230526_193227-dj3es7ev\files\output.log
2023-05-26 19:35:32,433 DEBUG   HandlerThread:25572 [handler.py:handle_request():144] handle_request: status_report
2023-05-26 19:35:37,469 DEBUG   HandlerThread:25572 [handler.py:handle_request():144] handle_request: status_report
2023-05-26 19:35:37,611 DEBUG   SenderThread:25572 [sender.py:send():375] send: stats
2023-05-26 19:35:37,974 DEBUG   HandlerThread:25572 [handler.py:handle_request():144] handle_request: stop_status
2023-05-26 19:35:37,974 DEBUG   SenderThread:25572 [sender.py:send_request():402] send_request: stop_status
2023-05-26 19:35:43,295 DEBUG   HandlerThread:25572 [handler.py:handle_request():144] handle_request: status_report
2023-05-26 19:35:48,314 DEBUG   HandlerThread:25572 [handler.py:handle_request():144] handle_request: status_report
2023-05-26 19:35:52,995 DEBUG   HandlerThread:25572 [handler.py:handle_request():144] handle_request: stop_status
2023-05-26 19:35:52,996 DEBUG   SenderThread:25572 [sender.py:send_request():402] send_request: stop_status
2023-05-26 19:35:54,312 DEBUG   HandlerThread:25572 [handler.py:handle_request():144] handle_request: status_report
2023-05-26 19:35:59,347 DEBUG   HandlerThread:25572 [handler.py:handle_request():144] handle_request: status_report
2023-05-26 19:36:04,362 DEBUG   HandlerThread:25572 [handler.py:handle_request():144] handle_request: status_report
2023-05-26 19:36:07,624 DEBUG   SenderThread:25572 [sender.py:send():375] send: stats
2023-05-26 19:36:08,002 DEBUG   HandlerThread:25572 [handler.py:handle_request():144] handle_request: stop_status
2023-05-26 19:36:08,002 DEBUG   SenderThread:25572 [sender.py:send_request():402] send_request: stop_status
2023-05-26 19:36:10,348 DEBUG   HandlerThread:25572 [handler.py:handle_request():144] handle_request: status_report
2023-05-26 19:36:15,397 DEBUG   HandlerThread:25572 [handler.py:handle_request():144] handle_request: status_report
2023-05-26 19:36:20,448 DEBUG   HandlerThread:25572 [handler.py:handle_request():144] handle_request: status_report
2023-05-26 19:36:23,028 DEBUG   HandlerThread:25572 [handler.py:handle_request():144] handle_request: stop_status
2023-05-26 19:36:23,028 DEBUG   SenderThread:25572 [sender.py:send_request():402] send_request: stop_status
2023-05-26 19:36:26,406 DEBUG   HandlerThread:25572 [handler.py:handle_request():144] handle_request: status_report
2023-05-26 19:36:31,467 DEBUG   HandlerThread:25572 [handler.py:handle_request():144] handle_request: status_report
2023-05-26 19:36:36,516 DEBUG   HandlerThread:25572 [handler.py:handle_request():144] handle_request: status_report
2023-05-26 19:36:37,642 DEBUG   SenderThread:25572 [sender.py:send():375] send: stats
2023-05-26 19:36:38,056 DEBUG   HandlerThread:25572 [handler.py:handle_request():144] handle_request: stop_status
2023-05-26 19:36:38,056 DEBUG   SenderThread:25572 [sender.py:send_request():402] send_request: stop_status
2023-05-26 19:36:42,368 DEBUG   HandlerThread:25572 [handler.py:handle_request():144] handle_request: status_report
2023-05-26 19:36:47,416 DEBUG   HandlerThread:25572 [handler.py:handle_request():144] handle_request: status_report
2023-05-26 19:36:52,465 DEBUG   HandlerThread:25572 [handler.py:handle_request():144] handle_request: status_report
2023-05-26 19:36:53,064 DEBUG   HandlerThread:25572 [handler.py:handle_request():144] handle_request: stop_status
2023-05-26 19:36:53,064 DEBUG   SenderThread:25572 [sender.py:send_request():402] send_request: stop_status
2023-05-26 19:36:58,447 DEBUG   HandlerThread:25572 [handler.py:handle_request():144] handle_request: status_report
2023-05-26 19:37:03,484 DEBUG   HandlerThread:25572 [handler.py:handle_request():144] handle_request: status_report
2023-05-26 19:37:07,654 DEBUG   SenderThread:25572 [sender.py:send():375] send: stats
2023-05-26 19:37:08,069 DEBUG   HandlerThread:25572 [handler.py:handle_request():144] handle_request: stop_status
2023-05-26 19:37:08,069 DEBUG   SenderThread:25572 [sender.py:send_request():402] send_request: stop_status
2023-05-26 19:37:09,358 DEBUG   HandlerThread:25572 [handler.py:handle_request():144] handle_request: status_report
2023-05-26 19:37:14,255 INFO    Thread-16 :25572 [dir_watcher.py:_on_file_modified():295] file/dir modified: D:\LessonProjects\Deep-Learning-Final\wandb\run-20230526_193227-dj3es7ev\files\output.log
2023-05-26 19:37:14,763 DEBUG   HandlerThread:25572 [handler.py:handle_request():144] handle_request: status_report
2023-05-26 19:37:19,815 DEBUG   HandlerThread:25572 [handler.py:handle_request():144] handle_request: status_report
2023-05-26 19:37:23,083 DEBUG   HandlerThread:25572 [handler.py:handle_request():144] handle_request: stop_status
2023-05-26 19:37:23,083 DEBUG   SenderThread:25572 [sender.py:send_request():402] send_request: stop_status
2023-05-26 19:37:25,515 DEBUG   HandlerThread:25572 [handler.py:handle_request():144] handle_request: status_report
2023-05-26 19:37:30,567 DEBUG   HandlerThread:25572 [handler.py:handle_request():144] handle_request: status_report
